Start testing: Sep 03 21:02 CET
----------------------------------------------------------
1/86 Testing: TemporalReportJSONTest
1/86 Test: TemporalReportJSONTest
Command: "/data/data/com.termux/files/home/GoldenCalendar_Project/GoldenCalendar_50000_Chronology_Engine/build_debug/TemporalReportJSONTest"
Directory: /data/data/com.termux/files/home/GoldenCalendar_Project/GoldenCalendar_50000_Chronology_Engine/build_debug
"TemporalReportJSONTest" start time: Sep 03 21:02 CET
Output:
----------------------------------------------------------
{"dayId":739823,"solar":{"year":2026,"month":7,"day":26},"lunar":{"year":2088,"month":12,"day":5},"week":{"index":6,"name":"Thursday"},"cycle":62,"historicalIndex":739823}
<end of output>
Test time =   0.02 sec
----------------------------------------------------------
Test Passed.
"TemporalReportJSONTest" end time: Sep 03 21:02 CET
"TemporalReportJSONTest" time elapsed: 00:00:00
----------------------------------------------------------

2/86 Testing: TemporalReportTest
2/86 Test: TemporalReportTest
Command: "/data/data/com.termux/files/home/GoldenCalendar_Project/GoldenCalendar_50000_Chronology_Engine/build_debug/TemporalReportTest"
Directory: /data/data/com.termux/files/home/GoldenCalendar_Project/GoldenCalendar_50000_Chronology_Engine/build_debug
"TemporalReportTest" start time: Sep 03 21:02 CET
Output:
----------------------------------------------------------
Temporal Report Validation Test
================================
Day ID: 739823
Solar: 26/7/2026
Week: Thursday
Cycle: 62
Historical Index: 739823

Temporal Report Validation SUCCESS
<end of output>
Test time =   0.02 sec
----------------------------------------------------------
Test Passed.
"TemporalReportTest" end time: Sep 03 21:02 CET
"TemporalReportTest" time elapsed: 00:00:00
----------------------------------------------------------

3/86 Testing: Archive50000Test
3/86 Test: Archive50000Test
Command: "/data/data/com.termux/files/home/GoldenCalendar_Project/GoldenCalendar_50000_Chronology_Engine/build_debug/Archive50000Test"
Directory: /data/data/com.termux/files/home/GoldenCalendar_Project/GoldenCalendar_50000_Chronology_Engine/build_debug
"Archive50000Test" start time: Sep 03 21:02 CET
Output:
----------------------------------------------------------
Golden Calendar 50000 Years Archive Test
=======================================

Year: 1
Day ID: 1
Solar: 1/1/1
Lunar: 1/1/1
-----------------
Year: 2083
Day ID: 760436
Solar: 1/1/2083
Lunar: 7/2/2147
-----------------
Year: 5000
Day ID: 1825848
Solar: 1/1/5000
Lunar: 28/11/5153
-----------------
Year: 10000
Day ID: 3652060
Solar: 1/1/10000
Lunar: 6/11/10307
-----------------
Year: 25000
Day ID: 9130698
Solar: 1/1/25000
Lunar: 29/8/25769
-----------------
Year: 50000
Day ID: 18261760
Solar: 1/1/50000
Lunar: 30/12/49999
-----------------

Final 50000 Year Validation
===========================
Day ID: 18261760
Solar Year: 50000
Lunar Year: 49999

50000 Years Archive Validation PASSED
<end of output>
Test time =   0.03 sec
----------------------------------------------------------
Test Passed.
"Archive50000Test" end time: Sep 03 21:02 CET
"Archive50000Test" time elapsed: 00:00:00
----------------------------------------------------------

4/86 Testing: TemporalAutomationTest
4/86 Test: TemporalAutomationTest
Command: "/data/data/com.termux/files/home/GoldenCalendar_Project/GoldenCalendar_50000_Chronology_Engine/build_debug/TemporalAutomationTest"
Directory: /data/data/com.termux/files/home/GoldenCalendar_Project/GoldenCalendar_50000_Chronology_Engine/build_debug
"TemporalAutomationTest" start time: Sep 03 21:02 CET
Output:
----------------------------------------------------------
Temporal Automation Test
Temporal Automation Test Passed
<end of output>
Test time =   0.02 sec
----------------------------------------------------------
Test Passed.
"TemporalAutomationTest" end time: Sep 03 21:02 CET
"TemporalAutomationTest" time elapsed: 00:00:00
----------------------------------------------------------

5/86 Testing: Cycle33Test
5/86 Test: Cycle33Test
Command: "/data/data/com.termux/files/home/GoldenCalendar_Project/GoldenCalendar_50000_Chronology_Engine/build_debug/Cycle33Test"
Directory: /data/data/com.termux/files/home/GoldenCalendar_Project/GoldenCalendar_50000_Chronology_Engine/build_debug
"Cycle33Test" start time: Sep 03 21:02 CET
Output:
----------------------------------------------------------
Golden Calendar - Lunar 33 Year Cycle Test
==========================================

Start:
Friday 1 January Year 1 = 1 Muharram Year 1

Lunar Year 1
Solar: 1 يناير 1
Lunar: 1 محرم 1
Days from Epoch: 354
--------------------------
Lunar Year 2
Solar: 21 ديسمبر 1
Lunar: 1 محرم 2
Days from Epoch: 708
--------------------------
Lunar Year 3
Solar: 10 ديسمبر 2
Lunar: 1 محرم 3
Days from Epoch: 1063
--------------------------
Lunar Year 4
Solar: 30 نوفمبر 3
Lunar: 1 محرم 4
Days from Epoch: 1417
--------------------------
Lunar Year 5
Solar: 18 نوفمبر 4
Lunar: 1 محرم 5
Days from Epoch: 1771
--------------------------
Lunar Year 6
Solar: 7 نوفمبر 5
Lunar: 1 محرم 6
Days from Epoch: 2126
--------------------------
Lunar Year 7
Solar: 28 أكتوبر 6
Lunar: 1 محرم 7
Days from Epoch: 2480
--------------------------
Lunar Year 8
Solar: 17 أكتوبر 7
Lunar: 1 محرم 8
Days from Epoch: 2834
--------------------------
Lunar Year 9
Solar: 5 أكتوبر 8
Lunar: 1 محرم 9
Days from Epoch: 3189
--------------------------
Lunar Year 10
Solar: 25 سبتمبر 9
Lunar: 1 محرم 10
Days from Epoch: 3543
--------------------------
Lunar Year 11
Solar: 14 سبتمبر 10
Lunar: 1 محرم 11
Days from Epoch: 3898
--------------------------
Lunar Year 12
Solar: 4 سبتمبر 11
Lunar: 1 محرم 12
Days from Epoch: 4252
--------------------------
Lunar Year 13
Solar: 23 أغسطس 12
Lunar: 1 محرم 13
Days from Epoch: 4606
--------------------------
Lunar Year 14
Solar: 12 أغسطس 13
Lunar: 1 محرم 14
Days from Epoch: 4961
--------------------------
Lunar Year 15
Solar: 2 أغسطس 14
Lunar: 1 محرم 15
Days from Epoch: 5315
--------------------------
Lunar Year 16
Solar: 22 يوليو 15
Lunar: 1 محرم 16
Days from Epoch: 5669
--------------------------
Lunar Year 17
Solar: 10 يوليو 16
Lunar: 1 محرم 17
Days from Epoch: 6024
--------------------------
Lunar Year 18
Solar: 30 يونيو 17
Lunar: 1 محرم 18
Days from Epoch: 6378
--------------------------
Lunar Year 19
Solar: 19 يونيو 18
Lunar: 1 محرم 19
Days from Epoch: 6732
--------------------------
Lunar Year 20
Solar: 8 يونيو 19
Lunar: 1 محرم 20
Days from Epoch: 7087
--------------------------
Lunar Year 21
Solar: 28 مايو 20
Lunar: 1 محرم 21
Days from Epoch: 7441
--------------------------
Lunar Year 22
Solar: 17 مايو 21
Lunar: 1 محرم 22
Days from Epoch: 7796
--------------------------
Lunar Year 23
Solar: 7 مايو 22
Lunar: 1 محرم 23
Days from Epoch: 8150
--------------------------
Lunar Year 24
Solar: 26 أبريل 23
Lunar: 1 محرم 24
Days from Epoch: 8504
--------------------------
Lunar Year 25
Solar: 14 أبريل 24
Lunar: 1 محرم 25
Days from Epoch: 8859
--------------------------
Lunar Year 26
Solar: 4 أبريل 25
Lunar: 1 محرم 26
Days from Epoch: 9213
--------------------------
Lunar Year 27
Solar: 24 مارس 26
Lunar: 1 محرم 27
Days from Epoch: 9567
--------------------------
Lunar Year 28
Solar: 13 مارس 27
Lunar: 1 محرم 28
Days from Epoch: 9922
--------------------------
Lunar Year 29
Solar: 2 مارس 28
Lunar: 1 محرم 29
Days from Epoch: 10276
--------------------------
Lunar Year 30
Solar: 19 فبراير 29
Lunar: 1 محرم 30
Days from Epoch: 10630
--------------------------
Lunar Year 31
Solar: 8 فبراير 30
Lunar: 1 محرم 31
Days from Epoch: 10985
--------------------------
Lunar Year 32
Solar: 29 يناير 31
Lunar: 1 محرم 32
Days from Epoch: 11339
--------------------------
Lunar Year 33
Solar: 18 يناير 32
Lunar: 1 محرم 33
Days from Epoch: 11693
--------------------------

End of 33 Lunar Years
Total Lunar Days: 11693

==========================
Lunar Cycle 33 Complete
==========================

Total Lunar Days: 11693

Solar End Date: 6 يناير 33
Lunar End Date: 1 محرم 34
<end of output>
Test time =   0.02 sec
----------------------------------------------------------
Test Passed.
"Cycle33Test" end time: Sep 03 21:02 CET
"Cycle33Test" time elapsed: 00:00:00
----------------------------------------------------------

6/86 Testing: MultiCycleTest
6/86 Test: MultiCycleTest
Command: "/data/data/com.termux/files/home/GoldenCalendar_Project/GoldenCalendar_50000_Chronology_Engine/build_debug/MultiCycleTest"
Directory: /data/data/com.termux/files/home/GoldenCalendar_Project/GoldenCalendar_50000_Chronology_Engine/build_debug
"MultiCycleTest" start time: Sep 03 21:02 CET
Output:
----------------------------------------------------------
Golden Calendar - Multi 33 Year Cycle Test
==========================================

Cycle 1 (33 Lunar Years)
Day ID: 11694
Solar: 6 يناير 33
Lunar: 1 محرم 34
--------------------------
Cycle 2 (66 Lunar Years)
Day ID: 23387
Solar: 11 يناير 65
Lunar: 1 محرم 67
--------------------------
Cycle 3 (99 Lunar Years)
Day ID: 35080
Solar: 16 يناير 97
Lunar: 1 محرم 100
--------------------------
Cycle 4 (132 Lunar Years)
Day ID: 46773
Solar: 22 يناير 129
Lunar: 1 محرم 133
--------------------------
Cycle 5 (165 Lunar Years)
Day ID: 58466
Solar: 27 يناير 161
Lunar: 1 محرم 166
--------------------------
Cycle 6 (198 Lunar Years)
Day ID: 70159
Solar: 1 فبراير 193
Lunar: 1 محرم 199
--------------------------
Cycle 7 (231 Lunar Years)
Day ID: 81852
Solar: 7 فبراير 225
Lunar: 1 محرم 232
--------------------------
Cycle 8 (264 Lunar Years)
Day ID: 93545
Solar: 12 فبراير 257
Lunar: 1 محرم 265
--------------------------
Cycle 9 (297 Lunar Years)
Day ID: 105238
Solar: 17 فبراير 289
Lunar: 1 محرم 298
--------------------------
Cycle 10 (330 Lunar Years)
Day ID: 116931
Solar: 23 فبراير 321
Lunar: 1 محرم 331
--------------------------
<end of output>
Test time =   0.01 sec
----------------------------------------------------------
Test Passed.
"MultiCycleTest" end time: Sep 03 21:02 CET
"MultiCycleTest" time elapsed: 00:00:00
----------------------------------------------------------

7/86 Testing: Year2083Test
7/86 Test: Year2083Test
Command: "/data/data/com.termux/files/home/GoldenCalendar_Project/GoldenCalendar_50000_Chronology_Engine/build_debug/Year2083Test"
Directory: /data/data/com.termux/files/home/GoldenCalendar_Project/GoldenCalendar_50000_Chronology_Engine/build_debug
"Year2083Test" start time: Sep 03 21:02 CET
Output:
----------------------------------------------------------
Golden Calendar 50000-Year Chronology Engine Reference Test
===================================

Day ID: 760436

Solar:
1/1/2083

Lunar:
7/2/2147
<end of output>
Test time =   0.02 sec
----------------------------------------------------------
Test Passed.
"Year2083Test" end time: Sep 03 21:02 CET
"Year2083Test" time elapsed: 00:00:00
----------------------------------------------------------

8/86 Testing: ChronologyMainTest
8/86 Test: ChronologyMainTest
Command: "/data/data/com.termux/files/home/GoldenCalendar_Project/GoldenCalendar_50000_Chronology_Engine/build_debug/ChronologyMainTest"
Directory: /data/data/com.termux/files/home/GoldenCalendar_Project/GoldenCalendar_50000_Chronology_Engine/build_debug
"ChronologyMainTest" start time: Sep 03 21:02 CET
Output:
----------------------------------------------------------
Golden Calendar Chronology Test
==============================

Solar Input
-----------
Day ID: 760436
Solar: 1/1/2083
Lunar: 7/2/2147
Week: الثلاثاء

Lunar Input
-----------
Day ID: 760436
Solar: 1/1/2083
Lunar: 7/2/2147
Week: الثلاثاء
<end of output>
Test time =   0.02 sec
----------------------------------------------------------
Test Passed.
"ChronologyMainTest" end time: Sep 03 21:02 CET
"ChronologyMainTest" time elapsed: 00:00:00
----------------------------------------------------------

9/86 Testing: DayIdTest
9/86 Test: DayIdTest
Command: "/data/data/com.termux/files/home/GoldenCalendar_Project/GoldenCalendar_50000_Chronology_Engine/build_debug/DayIdTest"
Directory: /data/data/com.termux/files/home/GoldenCalendar_Project/GoldenCalendar_50000_Chronology_Engine/build_debug
"DayIdTest" start time: Sep 03 21:02 CET
Output:
----------------------------------------------------------
Golden Calendar - Solar Day ID Test
===================================

Epoch
-----
Date   : 1/1/1
Day ID : 1

Reference
---------
Date   : 1/1/2083
Day ID : 760436

Verification
------------
Day ID 1 -> 1/1/1
Day ID 760436 -> 1/1/2083
<end of output>
Test time =   0.02 sec
----------------------------------------------------------
Test Passed.
"DayIdTest" end time: Sep 03 21:02 CET
"DayIdTest" time elapsed: 00:00:00
----------------------------------------------------------

10/86 Testing: Reference2083Test
10/86 Test: Reference2083Test
Command: "/data/data/com.termux/files/home/GoldenCalendar_Project/GoldenCalendar_50000_Chronology_Engine/build_debug/Reference2083Test"
Directory: /data/data/com.termux/files/home/GoldenCalendar_Project/GoldenCalendar_50000_Chronology_Engine/build_debug
"Reference2083Test" start time: Sep 03 21:02 CET
Output:
----------------------------------------------------------
Golden Calendar 50000-Year Chronology EngineY 3M 3D Test
================================

Day ID: 760528

Solar:
3/4/2083

Lunar:
11/5/2147
<end of output>
Test time =   0.02 sec
----------------------------------------------------------
Test Passed.
"Reference2083Test" end time: Sep 03 21:02 CET
"Reference2083Test" time elapsed: 00:00:00
----------------------------------------------------------

11/86 Testing: TimeEngineTest
11/86 Test: TimeEngineTest
Command: "/data/data/com.termux/files/home/GoldenCalendar_Project/GoldenCalendar_50000_Chronology_Engine/build_debug/TimeEngineTest"
Directory: /data/data/com.termux/files/home/GoldenCalendar_Project/GoldenCalendar_50000_Chronology_Engine/build_debug
"TimeEngineTest" start time: Sep 03 21:02 CET
Output:
----------------------------------------------------------
Golden Calendar TimeEngine Test
==============================

Day ID: 760436

Solar: 1/1/2083

Lunar: 7/2/2147
<end of output>
Test time =   0.02 sec
----------------------------------------------------------
Test Passed.
"TimeEngineTest" end time: Sep 03 21:02 CET
"TimeEngineTest" time elapsed: 00:00:00
----------------------------------------------------------

12/86 Testing: LongTimeEngineTest
12/86 Test: LongTimeEngineTest
Command: "/data/data/com.termux/files/home/GoldenCalendar_Project/GoldenCalendar_50000_Chronology_Engine/build_debug/LongTimeEngineTest"
Directory: /data/data/com.termux/files/home/GoldenCalendar_Project/GoldenCalendar_50000_Chronology_Engine/build_debug
"LongTimeEngineTest" start time: Sep 03 21:02 CET
Output:
----------------------------------------------------------
Golden Calendar Long Time Engine Test
====================================

Year: 2083
Day ID: 760436
Solar: 1/1/2083
Lunar: 7/2/2147
-----------------
Year: 5000
Day ID: 1825848
Solar: 1/1/5000
Lunar: 28/11/5153
-----------------
Year: 10000
Day ID: 3652060
Solar: 1/1/10000
Lunar: 6/11/10307
-----------------
Year: 50000
Day ID: 18261760
Solar: 1/1/50000
Lunar: 30/12/49999
-----------------
<end of output>
Test time =   0.02 sec
----------------------------------------------------------
Test Passed.
"LongTimeEngineTest" end time: Sep 03 21:02 CET
"LongTimeEngineTest" time elapsed: 00:00:00
----------------------------------------------------------

13/86 Testing: Cycle33_34_SynchronizationTest
13/86 Test: Cycle33_34_SynchronizationTest
Command: "/data/data/com.termux/files/home/GoldenCalendar_Project/GoldenCalendar_50000_Chronology_Engine/build_debug/Cycle33_34_SynchronizationTest"
Directory: /data/data/com.termux/files/home/GoldenCalendar_Project/GoldenCalendar_50000_Chronology_Engine/build_debug
"Cycle33_34_SynchronizationTest" start time: Sep 03 21:02 CET
Output:
----------------------------------------------------------
Golden Calendar 99/102 Cycle Synchronization Test
================================================

Reference Solar Date: 1/1/49999
Day ID: 18261395

99 Solar Years: 36159 days
102 Lunar Years: 36144 days
Difference: -15 days

Cycle Status: PASS
<end of output>
Test time =   0.02 sec
----------------------------------------------------------
Test Passed.
"Cycle33_34_SynchronizationTest" end time: Sep 03 21:02 CET
"Cycle33_34_SynchronizationTest" time elapsed: 00:00:00
----------------------------------------------------------

14/86 Testing: CycleSynchronizationLongTermTest
14/86 Test: CycleSynchronizationLongTermTest
Command: "/data/data/com.termux/files/home/GoldenCalendar_Project/GoldenCalendar_50000_Chronology_Engine/build_debug/CycleSynchronizationLongTermTest"
Directory: /data/data/com.termux/files/home/GoldenCalendar_Project/GoldenCalendar_50000_Chronology_Engine/build_debug
"CycleSynchronizationLongTermTest" start time: Sep 03 21:02 CET
Output:
----------------------------------------------------------
Golden Calendar Long Cycle Synchronization Test
===============================================

Reference Model:
33 Solar Years ≈ 34 Lunar Years

33 Solar Years / 34 Lunar Years
Solar Days: 12053
Lunar Days: 12048
Difference: -5 days
Status: PASS

66 Solar Years / 68 Lunar Years
Solar Days: 24106
Lunar Days: 24096
Difference: -10 days
Status: PASS

99 Solar Years / 102 Lunar Years
Solar Days: 36159
Lunar Days: 36144
Difference: -15 days
Status: PASS

<end of output>
Test time =   0.02 sec
----------------------------------------------------------
Test Passed.
"CycleSynchronizationLongTermTest" end time: Sep 03 21:02 CET
"CycleSynchronizationLongTermTest" time elapsed: 00:00:00
----------------------------------------------------------

15/86 Testing: ArchiveEngineTest
15/86 Test: ArchiveEngineTest
Command: "/data/data/com.termux/files/home/GoldenCalendar_Project/GoldenCalendar_50000_Chronology_Engine/build_debug/ArchiveEngineTest"
Directory: /data/data/com.termux/files/home/GoldenCalendar_Project/GoldenCalendar_50000_Chronology_Engine/build_debug
"ArchiveEngineTest" start time: Sep 03 21:02 CET
Output:
----------------------------------------------------------
Golden Calendar Archive Engine Test
=================================

Year: 2083
Day ID: 760436
Solar: 1/1/2083
Lunar: 7/2/2147
Week: الثلاثاء
-----------------
Year: 5000
Day ID: 1825848
Solar: 1/1/5000
Lunar: 28/11/5153
Week: الأحد
-----------------
Year: 10000
Day ID: 3652060
Solar: 1/1/10000
Lunar: 6/11/10307
Week: الأربعاء
-----------------
Year: 50000
Day ID: 18261760
Solar: 1/1/50000
Lunar: 30/12/49999
Week: الأربعاء
-----------------
<end of output>
Test time =   0.02 sec
----------------------------------------------------------
Test Passed.
"ArchiveEngineTest" end time: Sep 03 21:02 CET
"ArchiveEngineTest" time elapsed: 00:00:00
----------------------------------------------------------

16/86 Testing: ArchiveGeneratorTest
16/86 Test: ArchiveGeneratorTest
Command: "/data/data/com.termux/files/home/GoldenCalendar_Project/GoldenCalendar_50000_Chronology_Engine/build_debug/ArchiveGeneratorTest"
Directory: /data/data/com.termux/files/home/GoldenCalendar_Project/GoldenCalendar_50000_Chronology_Engine/build_debug
"ArchiveGeneratorTest" start time: Sep 03 21:02 CET
Output:
----------------------------------------------------------
Golden Calendar 10000 Years Archive Test
========================================

Progress: 0%  Year: 1
Progress: 1%  Year: 101
Progress: 2%  Year: 201
Progress: 3%  Year: 301
Progress: 4%  Year: 401
Progress: 5%  Year: 501
Progress: 6%  Year: 601
Progress: 7%  Year: 701
Progress: 8%  Year: 801
Progress: 9%  Year: 901
Progress: 10%  Year: 1001
Progress: 11%  Year: 1101
Progress: 12%  Year: 1201
Progress: 13%  Year: 1301
Progress: 14%  Year: 1401
Progress: 15%  Year: 1501
Progress: 16%  Year: 1601
Progress: 17%  Year: 1701
Progress: 18%  Year: 1801
Progress: 19%  Year: 1901
Progress: 20%  Year: 2001
Progress: 21%  Year: 2101
Progress: 22%  Year: 2201
Progress: 23%  Year: 2301
Progress: 24%  Year: 2401
Progress: 25%  Year: 2501
Progress: 26%  Year: 2601
Progress: 27%  Year: 2701
Progress: 28%  Year: 2801
Progress: 29%  Year: 2901
Progress: 30%  Year: 3001
Progress: 31%  Year: 3101
Progress: 32%  Year: 3201
Progress: 33%  Year: 3301
Progress: 34%  Year: 3401
Progress: 35%  Year: 3501
Progress: 36%  Year: 3601
Progress: 37%  Year: 3701
Progress: 38%  Year: 3801
Progress: 39%  Year: 3901
Progress: 40%  Year: 4001
Progress: 41%  Year: 4101
Progress: 42%  Year: 4201
Progress: 43%  Year: 4301
Progress: 44%  Year: 4401
Progress: 45%  Year: 4501
Progress: 46%  Year: 4601
Progress: 47%  Year: 4701
Progress: 48%  Year: 4801
Progress: 49%  Year: 4901
Progress: 50%  Year: 5001
Progress: 51%  Year: 5101
Progress: 52%  Year: 5201
Progress: 53%  Year: 5301
Progress: 54%  Year: 5401
Progress: 55%  Year: 5501
Progress: 56%  Year: 5601
Progress: 57%  Year: 5701
Progress: 58%  Year: 5801
Progress: 59%  Year: 5901
Progress: 60%  Year: 6001
Progress: 61%  Year: 6101
Progress: 62%  Year: 6201
Progress: 63%  Year: 6301
Progress: 64%  Year: 6401
Progress: 65%  Year: 6501
Progress: 66%  Year: 6601
Progress: 67%  Year: 6701
Progress: 68%  Year: 6801
Progress: 69%  Year: 6901
Progress: 70%  Year: 7001
Progress: 71%  Year: 7101
Progress: 72%  Year: 7201
Progress: 73%  Year: 7301
Progress: 74%  Year: 7401
Progress: 75%  Year: 7501
Progress: 76%  Year: 7601
Progress: 77%  Year: 7701
Progress: 78%  Year: 7801
Progress: 79%  Year: 7901
Progress: 80%  Year: 8001
Progress: 81%  Year: 8101
Progress: 82%  Year: 8201
Progress: 83%  Year: 8301
Progress: 84%  Year: 8401
Progress: 85%  Year: 8501
Progress: 86%  Year: 8601
Progress: 87%  Year: 8701
Progress: 88%  Year: 8801
Progress: 89%  Year: 8901
Progress: 90%  Year: 9001
Progress: 91%  Year: 9101
Progress: 92%  Year: 9201
Progress: 93%  Year: 9301
Progress: 94%  Year: 9401
Progress: 95%  Year: 9501
Progress: 96%  Year: 9601
Progress: 97%  Year: 9701
Progress: 98%  Year: 9801
Progress: 99%  Year: 9901
Full archive generated: ../data/archive_10000_years.csv

10000 Years archive generation completed successfully.
<end of output>
Test time = 1650.07 sec
----------------------------------------------------------
Test Passed.
"ArchiveGeneratorTest" end time: Sep 03 21:30 CET
"ArchiveGeneratorTest" time elapsed: 00:27:30
----------------------------------------------------------

17/86 Testing: CycleAccuracyTest
17/86 Test: CycleAccuracyTest
Command: "/data/data/com.termux/files/home/GoldenCalendar_Project/GoldenCalendar_50000_Chronology_Engine/build_debug/CycleAccuracyTest"
Directory: /data/data/com.termux/files/home/GoldenCalendar_Project/GoldenCalendar_50000_Chronology_Engine/build_debug
"CycleAccuracyTest" start time: Sep 03 21:30 CET
Output:
----------------------------------------------------------
Golden Calendar Cycle Accuracy Test
===================================

Reference Solar Date:
1/1/49999

Day ID: 18261395

Engine Lunar Result:
29/4/51538 ربيع الآخر

Cycle Comparison:
33 Solar Years Days: 12053
30 Lunar Years Days: 10630  Difference from 33 Solar: -1423 days
31 Lunar Years Days: 10985  Difference from 33 Solar: -1068 days
32 Lunar Years Days: 11339  Difference from 33 Solar: -714 days
33 Lunar Years Days: 11694  Difference from 33 Solar: -359 days
34 Lunar Years Days: 12048  Difference from 33 Solar: -5 days

Test completed.
<end of output>
Test time =   0.06 sec
----------------------------------------------------------
Test Passed.
"CycleAccuracyTest" end time: Sep 03 21:30 CET
"CycleAccuracyTest" time elapsed: 00:00:00
----------------------------------------------------------

18/86 Testing: TemporalCoordinateTest
18/86 Test: TemporalCoordinateTest
Command: "/data/data/com.termux/files/home/GoldenCalendar_Project/GoldenCalendar_50000_Chronology_Engine/build_debug/TemporalCoordinateTest"
Directory: /data/data/com.termux/files/home/GoldenCalendar_Project/GoldenCalendar_50000_Chronology_Engine/build_debug
"TemporalCoordinateTest" start time: Sep 03 21:30 CET
Output:
----------------------------------------------------------
Golden Calendar Temporal Coordinate Test
========================================
------------------------
Day ID: 1
Solar: 1/1/1
Lunar: 1/1/1
Week: الجمعة
------------------------
Day ID: 760436
Solar: 1/1/2083
Lunar: 7/2/2147
Week: الثلاثاء
------------------------
Day ID: 18261760
Solar: 1/1/50000
Lunar: 30/12/49999
Week: الأربعاء
========================
Temporal Coordinate Test Completed
<end of output>
Test time =   0.03 sec
----------------------------------------------------------
Test Passed.
"TemporalCoordinateTest" end time: Sep 03 21:30 CET
"TemporalCoordinateTest" time elapsed: 00:00:00
----------------------------------------------------------

19/86 Testing: GlobalTemporalIDTest
19/86 Test: GlobalTemporalIDTest
Command: "/data/data/com.termux/files/home/GoldenCalendar_Project/GoldenCalendar_50000_Chronology_Engine/build_debug/GlobalTemporalIDTest"
Directory: /data/data/com.termux/files/home/GoldenCalendar_Project/GoldenCalendar_50000_Chronology_Engine/build_debug
"GlobalTemporalIDTest" start time: Sep 03 21:30 CET
Output:
----------------------------------------------------------
Golden Calendar Global Temporal ID Test
=======================================
Day ID: 760436
Solar: 1/1/2083
Lunar: 7/2/2147
Era: Golden Calendar Epoch
<end of output>
Test time =   0.02 sec
----------------------------------------------------------
Test Passed.
"GlobalTemporalIDTest" end time: Sep 03 21:30 CET
"GlobalTemporalIDTest" time elapsed: 00:00:00
----------------------------------------------------------

20/86 Testing: GlobalTemporalIDIntegrationTest
20/86 Test: GlobalTemporalIDIntegrationTest
Command: "/data/data/com.termux/files/home/GoldenCalendar_Project/GoldenCalendar_50000_Chronology_Engine/build_debug/GlobalTemporalIDIntegrationTest"
Directory: /data/data/com.termux/files/home/GoldenCalendar_Project/GoldenCalendar_50000_Chronology_Engine/build_debug
"GlobalTemporalIDIntegrationTest" start time: Sep 03 21:30 CET
Output:
----------------------------------------------------------
Global Temporal ID Integration Test
===================================
Day ID: 760436
Solar: 1/1/2083
Lunar: 7/2/2147
Week Index: 4
Era: 
Global Temporal ID Integration SUCCESS
<end of output>
Test time =   0.02 sec
----------------------------------------------------------
Test Passed.
"GlobalTemporalIDIntegrationTest" end time: Sep 03 21:30 CET
"GlobalTemporalIDIntegrationTest" time elapsed: 00:00:00
----------------------------------------------------------

21/86 Testing: GlobalTemporalMetadataTest
21/86 Test: GlobalTemporalMetadataTest
Command: "/data/data/com.termux/files/home/GoldenCalendar_Project/GoldenCalendar_50000_Chronology_Engine/build_debug/GlobalTemporalMetadataTest"
Directory: /data/data/com.termux/files/home/GoldenCalendar_Project/GoldenCalendar_50000_Chronology_Engine/build_debug
"GlobalTemporalMetadataTest" start time: Sep 03 21:30 CET
Output:
----------------------------------------------------------
Global Temporal Metadata Validation Test
========================================
Day ID: 18261395
Solar Year: 49999
Lunar Year: 49999
Cycle Number: 1516
Cycle Day: 1100
Year Index: 49999
Historical Index: 18261395
Era: 
Global Temporal Metadata SUCCESS
<end of output>
Test time =   0.03 sec
----------------------------------------------------------
Test Passed.
"GlobalTemporalMetadataTest" end time: Sep 03 21:30 CET
"GlobalTemporalMetadataTest" time elapsed: 00:00:00
----------------------------------------------------------

22/86 Testing: TemporalQueryTest
22/86 Test: TemporalQueryTest
Command: "/data/data/com.termux/files/home/GoldenCalendar_Project/GoldenCalendar_50000_Chronology_Engine/build_debug/TemporalQueryTest"
Directory: /data/data/com.termux/files/home/GoldenCalendar_Project/GoldenCalendar_50000_Chronology_Engine/build_debug
"TemporalQueryTest" start time: Sep 03 21:30 CET
Output:
----------------------------------------------------------
Temporal Query Engine Test
==========================
Day ID: 18261395
Solar: 1/1/49999
Lunar: 30/12/49999
Cycle: 1516
Historical Index: 18261395
SUCCESS
<end of output>
Test time =   0.03 sec
----------------------------------------------------------
Test Passed.
"TemporalQueryTest" end time: Sep 03 21:30 CET
"TemporalQueryTest" time elapsed: 00:00:00
----------------------------------------------------------

23/86 Testing: TemporalAPITest
23/86 Test: TemporalAPITest
Command: "/data/data/com.termux/files/home/GoldenCalendar_Project/GoldenCalendar_50000_Chronology_Engine/build_debug/TemporalAPITest"
Directory: /data/data/com.termux/files/home/GoldenCalendar_Project/GoldenCalendar_50000_Chronology_Engine/build_debug
"TemporalAPITest" start time: Sep 03 21:30 CET
Output:
----------------------------------------------------------
Temporal API Test
=================
{"globalSolarDay":18261395,"gabaryDayCode":"GC-18261395-49999-1","solarDate":{"weekday":"Tuesday","day":1,"month":1,"monthName":"January","year":49999,"dayOfYear":1},"calendarMetadata":{"weekIndex":4},"lunarDate":{"year":49999,"month":12,"day":30},"temporalMetadata":{"cycleNumber":1516,"cycleDay":1100,"yearIndex":49999,"historicalIndex":18261395},"era":"","architecture":{"name":"Gabary V2","engine":"SolarEngineV2","validation":"PASSED"}}
<end of output>
Test time =   0.03 sec
----------------------------------------------------------
Test Passed.
"TemporalAPITest" end time: Sep 03 21:30 CET
"TemporalAPITest" time elapsed: 00:00:00
----------------------------------------------------------

24/86 Testing: TemporalJSONAPITest
24/86 Test: TemporalJSONAPITest
Command: "/data/data/com.termux/files/home/GoldenCalendar_Project/GoldenCalendar_50000_Chronology_Engine/build_debug/TemporalJSONAPITest"
Directory: /data/data/com.termux/files/home/GoldenCalendar_Project/GoldenCalendar_50000_Chronology_Engine/build_debug
"TemporalJSONAPITest" start time: Sep 03 21:30 CET
Output:
----------------------------------------------------------
Temporal JSON API Test
=====================
{"globalSolarDay":739823,"solarDate":{"weekday":"Thursday","year":2026,"month":7,"monthName":"July","day":26,"dayOfYear":207},"calendarMetadata":{"weekIndex":6,"leapYear":false},"lunarDate":{"year":2088,"month":12,"day":5},"temporalMetadata":{"cycleNumber":62,"cycleDay":4590,"yearIndex":2026,"historicalIndex":739823,"era":""},"architecture":{"name":"Gabary V2","engine":"SolarEngineV2","validation":"PASSED"}}
JSON API TEST PASSED
<end of output>
Test time =   0.02 sec
----------------------------------------------------------
Test Passed.
"TemporalJSONAPITest" end time: Sep 03 21:30 CET
"TemporalJSONAPITest" time elapsed: 00:00:00
----------------------------------------------------------

25/86 Testing: SolarCycleEngineTest
25/86 Test: SolarCycleEngineTest
Command: "/data/data/com.termux/files/home/GoldenCalendar_Project/GoldenCalendar_50000_Chronology_Engine/build_debug/SolarCycleEngineTest"
Directory: /data/data/com.termux/files/home/GoldenCalendar_Project/GoldenCalendar_50000_Chronology_Engine/build_debug
"SolarCycleEngineTest" start time: Sep 03 21:30 CET
Output:
----------------------------------------------------------
Cycle ID: 1
Start Day ID: 1
Total Days: 23010
SolarCycleEngineTest PASSED
<end of output>
Test time =   0.02 sec
----------------------------------------------------------
Test Passed.
"SolarCycleEngineTest" end time: Sep 03 21:30 CET
"SolarCycleEngineTest" time elapsed: 00:00:00
----------------------------------------------------------

26/86 Testing: SolarCycleArchiveRangeTest
26/86 Test: SolarCycleArchiveRangeTest
Command: "/data/data/com.termux/files/home/GoldenCalendar_Project/GoldenCalendar_50000_Chronology_Engine/build_debug/SolarCycleArchiveRangeTest"
Directory: /data/data/com.termux/files/home/GoldenCalendar_Project/GoldenCalendar_50000_Chronology_Engine/build_debug
"SolarCycleArchiveRangeTest" start time: Sep 03 21:30 CET
Output:
----------------------------------------------------------
Cycle 1 days: 23010
Cycle 2 days: 23010
SolarCycleArchiveRangeTest Passed
<end of output>
Test time =   0.14 sec
----------------------------------------------------------
Test Passed.
"SolarCycleArchiveRangeTest" end time: Sep 03 21:30 CET
"SolarCycleArchiveRangeTest" time elapsed: 00:00:00
----------------------------------------------------------

27/86 Testing: SolarCycleArchiveMultiTest
27/86 Test: SolarCycleArchiveMultiTest
Command: "/data/data/com.termux/files/home/GoldenCalendar_Project/GoldenCalendar_50000_Chronology_Engine/build_debug/SolarCycleArchiveMultiTest"
Directory: /data/data/com.termux/files/home/GoldenCalendar_Project/GoldenCalendar_50000_Chronology_Engine/build_debug
"SolarCycleArchiveMultiTest" start time: Sep 03 21:30 CET
Output:
----------------------------------------------------------
Archived days: 69031
First day ID: 1
Last day ID: 69031
SolarCycleArchiveMultiTest Passed
<end of output>
Test time =   0.27 sec
----------------------------------------------------------
Test Passed.
"SolarCycleArchiveMultiTest" end time: Sep 03 21:30 CET
"SolarCycleArchiveMultiTest" time elapsed: 00:00:00
----------------------------------------------------------

28/86 Testing: SolarCycleBoundaryTest
28/86 Test: SolarCycleBoundaryTest
Command: "/data/data/com.termux/files/home/GoldenCalendar_Project/GoldenCalendar_50000_Chronology_Engine/build_debug/SolarCycleBoundaryTest"
Directory: /data/data/com.termux/files/home/GoldenCalendar_Project/GoldenCalendar_50000_Chronology_Engine/build_debug
"SolarCycleBoundaryTest" start time: Sep 03 21:30 CET
Output:
----------------------------------------------------------
Cycle 1 End Day ID: 23010
Cycle 2 Start Day ID: 23011
SolarCycleBoundaryTest Passed
<end of output>
Test time =   0.02 sec
----------------------------------------------------------
Test Passed.
"SolarCycleBoundaryTest" end time: Sep 03 21:30 CET
"SolarCycleBoundaryTest" time elapsed: 00:00:00
----------------------------------------------------------

29/86 Testing: SolarArchiveBuilderTest
29/86 Test: SolarArchiveBuilderTest
Command: "/data/data/com.termux/files/home/GoldenCalendar_Project/GoldenCalendar_50000_Chronology_Engine/build_debug/SolarArchiveBuilderTest"
Directory: /data/data/com.termux/files/home/GoldenCalendar_Project/GoldenCalendar_50000_Chronology_Engine/build_debug
"SolarArchiveBuilderTest" start time: Sep 03 21:30 CET
Output:
----------------------------------------------------------
SolarArchiveBuilder OK
Days: 230102
<end of output>
Test time =   1.24 sec
----------------------------------------------------------
Test Passed.
"SolarArchiveBuilderTest" end time: Sep 03 21:30 CET
"SolarArchiveBuilderTest" time elapsed: 00:00:01
----------------------------------------------------------

30/86 Testing: SolarTimeEngineTest
30/86 Test: SolarTimeEngineTest
Command: "/data/data/com.termux/files/home/GoldenCalendar_Project/GoldenCalendar_50000_Chronology_Engine/build_debug/SolarTimeEngineTest"
Directory: /data/data/com.termux/files/home/GoldenCalendar_Project/GoldenCalendar_50000_Chronology_Engine/build_debug
"SolarTimeEngineTest" start time: Sep 03 21:30 CET
Output:
----------------------------------------------------------
SolarTimeEngine OK
Days: 230102
<end of output>
Test time =   1.24 sec
----------------------------------------------------------
Test Passed.
"SolarTimeEngineTest" end time: Sep 03 21:30 CET
"SolarTimeEngineTest" time elapsed: 00:00:01
----------------------------------------------------------

31/86 Testing: SolarTimeEngineReferenceTest
31/86 Test: SolarTimeEngineReferenceTest
Command: "/data/data/com.termux/files/home/GoldenCalendar_Project/GoldenCalendar_50000_Chronology_Engine/build_debug/SolarTimeEngineReferenceTest"
Directory: /data/data/com.termux/files/home/GoldenCalendar_Project/GoldenCalendar_50000_Chronology_Engine/build_debug
"SolarTimeEngineReferenceTest" start time: Sep 03 21:30 CET
Output:
----------------------------------------------------------
SolarTimeEngine Reference OK
First Day ID: 1
<end of output>
Test time =   0.07 sec
----------------------------------------------------------
Test Passed.
"SolarTimeEngineReferenceTest" end time: Sep 03 21:30 CET
"SolarTimeEngineReferenceTest" time elapsed: 00:00:00
----------------------------------------------------------

32/86 Testing: SolarCycleLongRangeTest
32/86 Test: SolarCycleLongRangeTest
Command: "/data/data/com.termux/files/home/GoldenCalendar_Project/GoldenCalendar_50000_Chronology_Engine/build_debug/SolarCycleLongRangeTest"
Directory: /data/data/com.termux/files/home/GoldenCalendar_Project/GoldenCalendar_50000_Chronology_Engine/build_debug
"SolarCycleLongRangeTest" start time: Sep 03 21:30 CET
Output:
----------------------------------------------------------
Solar Cycle Long Range OK
Cycles tested: 1-10
Total days: 230102
<end of output>
Test time =   1.20 sec
----------------------------------------------------------
Test Passed.
"SolarCycleLongRangeTest" end time: Sep 03 21:30 CET
"SolarCycleLongRangeTest" time elapsed: 00:00:01
----------------------------------------------------------

33/86 Testing: Solar50KYearBoundaryTest
33/86 Test: Solar50KYearBoundaryTest
Command: "/data/data/com.termux/files/home/GoldenCalendar_Project/GoldenCalendar_50000_Chronology_Engine/build_debug/Solar50KYearBoundaryTest"
Directory: /data/data/com.termux/files/home/GoldenCalendar_Project/GoldenCalendar_50000_Chronology_Engine/build_debug
"Solar50KYearBoundaryTest" start time: Sep 03 21:30 CET
Output:
----------------------------------------------------------
OK: 1-1-1 DayID=1
OK: 2083-1-1 DayID=760436
OK: 10000-1-1 DayID=3652060
OK: 50000-12-31 DayID=18262125
Solar50KYearBoundaryTest PASSED
<end of output>
Test time =   0.03 sec
----------------------------------------------------------
Test Passed.
"Solar50KYearBoundaryTest" end time: Sep 03 21:30 CET
"Solar50KYearBoundaryTest" time elapsed: 00:00:00
----------------------------------------------------------

34/86 Testing: GlobalSolarDayConsistencyTest
34/86 Test: GlobalSolarDayConsistencyTest
Command: "/data/data/com.termux/files/home/GoldenCalendar_Project/GoldenCalendar_50000_Chronology_Engine/build_debug/GlobalSolarDayConsistencyTest"
Directory: /data/data/com.termux/files/home/GoldenCalendar_Project/GoldenCalendar_50000_Chronology_Engine/build_debug
"GlobalSolarDayConsistencyTest" start time: Sep 03 21:30 CET
Output:
----------------------------------------------------------
OK Day ID: 1
OK Day ID: 365
OK Day ID: 739823
OK Day ID: 1000000
OK Day ID: 18250000
GlobalSolarDayConsistencyTest PASSED
<end of output>
Test time =   0.02 sec
----------------------------------------------------------
Test Passed.
"GlobalSolarDayConsistencyTest" end time: Sep 03 21:30 CET
"GlobalSolarDayConsistencyTest" time elapsed: 00:00:00
----------------------------------------------------------

35/86 Testing: SolarTimelinePerformanceTest
35/86 Test: SolarTimelinePerformanceTest
Command: "/data/data/com.termux/files/home/GoldenCalendar_Project/GoldenCalendar_50000_Chronology_Engine/build_debug/SolarTimelinePerformanceTest"
Directory: /data/data/com.termux/files/home/GoldenCalendar_Project/GoldenCalendar_50000_Chronology_Engine/build_debug
"SolarTimelinePerformanceTest" start time: Sep 03 21:30 CET
Output:
----------------------------------------------------------
Solar Timeline Performance OK
Days processed: 100000
Time(ms): 375
<end of output>
Test time =   0.40 sec
----------------------------------------------------------
Test Passed.
"SolarTimelinePerformanceTest" end time: Sep 03 21:30 CET
"SolarTimelinePerformanceTest" time elapsed: 00:00:00
----------------------------------------------------------

36/86 Testing: SolarTimelineGenerationTest
36/86 Test: SolarTimelineGenerationTest
Command: "/data/data/com.termux/files/home/GoldenCalendar_Project/GoldenCalendar_50000_Chronology_Engine/build_debug/SolarTimelineGenerationTest"
Directory: /data/data/com.termux/files/home/GoldenCalendar_Project/GoldenCalendar_50000_Chronology_Engine/build_debug
"SolarTimelineGenerationTest" start time: Sep 03 21:30 CET
Output:
----------------------------------------------------------
Solar Timeline Generation OK
Years tested: 100
<end of output>
Test time =   0.02 sec
----------------------------------------------------------
Test Passed.
"SolarTimelineGenerationTest" end time: Sep 03 21:30 CET
"SolarTimelineGenerationTest" time elapsed: 00:00:00
----------------------------------------------------------

37/86 Testing: SolarYearIntegrityTest
37/86 Test: SolarYearIntegrityTest
Command: "/data/data/com.termux/files/home/GoldenCalendar_Project/GoldenCalendar_50000_Chronology_Engine/build_debug/SolarYearIntegrityTest"
Directory: /data/data/com.termux/files/home/GoldenCalendar_Project/GoldenCalendar_50000_Chronology_Engine/build_debug
"SolarYearIntegrityTest" start time: Sep 03 21:30 CET
Output:
----------------------------------------------------------
Year 1 OK - Days: 365
Year 4 OK - Days: 366
Year 100 OK - Days: 365
Year 400 OK - Days: 366
Year 2083 OK - Days: 365
Year 10000 OK - Days: 366
Year 50000 OK - Days: 366
SolarYearIntegrityTest PASSED
<end of output>
Test time =   0.02 sec
----------------------------------------------------------
Test Passed.
"SolarYearIntegrityTest" end time: Sep 03 21:30 CET
"SolarYearIntegrityTest" time elapsed: 00:00:00
----------------------------------------------------------

38/86 Testing: SolarMonthIntegrityTest
38/86 Test: SolarMonthIntegrityTest
Command: "/data/data/com.termux/files/home/GoldenCalendar_Project/GoldenCalendar_50000_Chronology_Engine/build_debug/SolarMonthIntegrityTest"
Directory: /data/data/com.termux/files/home/GoldenCalendar_Project/GoldenCalendar_50000_Chronology_Engine/build_debug
"SolarMonthIntegrityTest" start time: Sep 03 21:30 CET
Output:
----------------------------------------------------------
Month 1-1 OK Days=31
Month 1-2 OK Days=28
Month 4-2 OK Days=29
Month 100-2 OK Days=28
Month 400-2 OK Days=29
Month 2083-6 OK Days=30
Month 10000-12 OK Days=31
Month 50000-12 OK Days=31
SolarMonthIntegrityTest PASSED
<end of output>
Test time =   0.02 sec
----------------------------------------------------------
Test Passed.
"SolarMonthIntegrityTest" end time: Sep 03 21:30 CET
"SolarMonthIntegrityTest" time elapsed: 00:00:00
----------------------------------------------------------

39/86 Testing: SolarDateRoundTripTest
39/86 Test: SolarDateRoundTripTest
Command: "/data/data/com.termux/files/home/GoldenCalendar_Project/GoldenCalendar_50000_Chronology_Engine/build_debug/SolarDateRoundTripTest"
Directory: /data/data/com.termux/files/home/GoldenCalendar_Project/GoldenCalendar_50000_Chronology_Engine/build_debug
"SolarDateRoundTripTest" start time: Sep 03 21:30 CET
Output:
----------------------------------------------------------
Round-trip OK: 1-1-1 -> DayID 1
Round-trip OK: 4-2-29 -> DayID 1155
Round-trip OK: 100-1-1 -> DayID 36160
Round-trip OK: 400-12-31 -> DayID 146097
Round-trip OK: 2083-1-1 -> DayID 760436
Round-trip OK: 10000-6-15 -> DayID 3652226
Round-trip OK: 49999-12-31 -> DayID 18261759
Round-trip OK: 50000-12-31 -> DayID 18262125
SolarDateRoundTripTest PASSED
<end of output>
Test time =   0.02 sec
----------------------------------------------------------
Test Passed.
"SolarDateRoundTripTest" end time: Sep 03 21:30 CET
"SolarDateRoundTripTest" time elapsed: 00:00:00
----------------------------------------------------------

40/86 Testing: SolarDayContinuityTest
40/86 Test: SolarDayContinuityTest
Command: "/data/data/com.termux/files/home/GoldenCalendar_Project/GoldenCalendar_50000_Chronology_Engine/build_debug/SolarDayContinuityTest"
Directory: /data/data/com.termux/files/home/GoldenCalendar_Project/GoldenCalendar_50000_Chronology_Engine/build_debug
"SolarDayContinuityTest" start time: Sep 03 21:30 CET
Output:
----------------------------------------------------------
SolarDayContinuityTest PASSED
<end of output>
Test time =   0.02 sec
----------------------------------------------------------
Test Passed.
"SolarDayContinuityTest" end time: Sep 03 21:30 CET
"SolarDayContinuityTest" time elapsed: 00:00:00
----------------------------------------------------------

41/86 Testing: Solar50KDayIDRangeTest
41/86 Test: Solar50KDayIDRangeTest
Command: "/data/data/com.termux/files/home/GoldenCalendar_Project/GoldenCalendar_50000_Chronology_Engine/build_debug/Solar50KDayIDRangeTest"
Directory: /data/data/com.termux/files/home/GoldenCalendar_Project/GoldenCalendar_50000_Chronology_Engine/build_debug
"Solar50KDayIDRangeTest" start time: Sep 03 21:30 CET
Output:
----------------------------------------------------------
First Day ID: 1
Final Day ID: 18262125
Total Days: 18262125
Solar50KDayIDRangeTest PASSED
<end of output>
Test time =   0.02 sec
----------------------------------------------------------
Test Passed.
"Solar50KDayIDRangeTest" end time: Sep 03 21:30 CET
"Solar50KDayIDRangeTest" time elapsed: 00:00:00
----------------------------------------------------------

42/86 Testing: Solar50KRandomSamplingTest
42/86 Test: Solar50KRandomSamplingTest
Command: "/data/data/com.termux/files/home/GoldenCalendar_Project/GoldenCalendar_50000_Chronology_Engine/build_debug/Solar50KRandomSamplingTest"
Directory: /data/data/com.termux/files/home/GoldenCalendar_Project/GoldenCalendar_50000_Chronology_Engine/build_debug
"Solar50KRandomSamplingTest" start time: Sep 03 21:30 CET
Output:
----------------------------------------------------------
Solar50KRandomSamplingTest PASSED
<end of output>
Test time =   0.02 sec
----------------------------------------------------------
Test Passed.
"Solar50KRandomSamplingTest" end time: Sep 03 21:30 CET
"Solar50KRandomSamplingTest" time elapsed: 00:00:00
----------------------------------------------------------

43/86 Testing: SolarLeapYearConsistencyTest
43/86 Test: SolarLeapYearConsistencyTest
Command: "/data/data/com.termux/files/home/GoldenCalendar_Project/GoldenCalendar_50000_Chronology_Engine/build_debug/SolarLeapYearConsistencyTest"
Directory: /data/data/com.termux/files/home/GoldenCalendar_Project/GoldenCalendar_50000_Chronology_Engine/build_debug
"SolarLeapYearConsistencyTest" start time: Sep 03 21:30 CET
Output:
----------------------------------------------------------
SolarLeapYearConsistencyTest PASSED
<end of output>
Test time =   0.02 sec
----------------------------------------------------------
Test Passed.
"SolarLeapYearConsistencyTest" end time: Sep 03 21:30 CET
"SolarLeapYearConsistencyTest" time elapsed: 00:00:00
----------------------------------------------------------

44/86 Testing: SolarDayOfYearStatisticsValidationTest
44/86 Test: SolarDayOfYearStatisticsValidationTest
Command: "/data/data/com.termux/files/home/GoldenCalendar_Project/GoldenCalendar_50000_Chronology_Engine/build_debug/SolarDayOfYearStatisticsValidationTest"
Directory: /data/data/com.termux/files/home/GoldenCalendar_Project/GoldenCalendar_50000_Chronology_Engine/build_debug
"SolarDayOfYearStatisticsValidationTest" start time: Sep 03 21:30 CET
Output:
----------------------------------------------------------

====================================
 DAY OF YEAR STATISTICS REPORT
====================================

Total Days : 18262125
Day 1 Count   : 50000
Day 365 Count : 50000
Day 366 Count : 12125

SolarDayOfYearStatisticsValidationTest PASSED
<end of output>
Test time =   0.18 sec
----------------------------------------------------------
Test Passed.
"SolarDayOfYearStatisticsValidationTest" end time: Sep 03 21:30 CET
"SolarDayOfYearStatisticsValidationTest" time elapsed: 00:00:00
----------------------------------------------------------

45/86 Testing: SolarMetadataTest
45/86 Test: SolarMetadataTest
Command: "/data/data/com.termux/files/home/GoldenCalendar_Project/GoldenCalendar_50000_Chronology_Engine/build_debug/SolarMetadataTest"
Directory: /data/data/com.termux/files/home/GoldenCalendar_Project/GoldenCalendar_50000_Chronology_Engine/build_debug
"SolarMetadataTest" start time: Sep 03 21:30 CET
Output:
----------------------------------------------------------
Solar Metadata Test
Solar Metadata Test Passed
<end of output>
Test time =   0.02 sec
----------------------------------------------------------
Test Passed.
"SolarMetadataTest" end time: Sep 03 21:30 CET
"SolarMetadataTest" time elapsed: 00:00:00
----------------------------------------------------------

46/86 Testing: Solar50KChronologyReportTest
46/86 Test: Solar50KChronologyReportTest
Command: "/data/data/com.termux/files/home/GoldenCalendar_Project/GoldenCalendar_50000_Chronology_Engine/build_debug/Solar50KChronologyReportTest"
Directory: /data/data/com.termux/files/home/GoldenCalendar_Project/GoldenCalendar_50000_Chronology_Engine/build_debug
"Solar50KChronologyReportTest" start time: Sep 03 21:30 CET
Output:
----------------------------------------------------------

====================================
 GABARY 50000 YEAR CHRONOLOGY REPORT
====================================

Years       : 50000
Total Days  : 18262125
Leap Years  : 12125
Common Years: 37875

First Day
---------
1-1-1

Last Day
--------
50000-12-31

Solar50KChronologyReportTest PASSED
<end of output>
Test time =   0.03 sec
----------------------------------------------------------
Test Passed.
"Solar50KChronologyReportTest" end time: Sep 03 21:30 CET
"Solar50KChronologyReportTest" time elapsed: 00:00:00
----------------------------------------------------------

47/86 Testing: SolarDayOfYearIntegrityTest
47/86 Test: SolarDayOfYearIntegrityTest
Command: "/data/data/com.termux/files/home/GoldenCalendar_Project/GoldenCalendar_50000_Chronology_Engine/build_debug/SolarDayOfYearIntegrityTest"
Directory: /data/data/com.termux/files/home/GoldenCalendar_Project/GoldenCalendar_50000_Chronology_Engine/build_debug
"SolarDayOfYearIntegrityTest" start time: Sep 03 21:30 CET
Output:
----------------------------------------------------------
SolarDayOfYearIntegrityTest PASSED
<end of output>
Test time =   0.02 sec
----------------------------------------------------------
Test Passed.
"SolarDayOfYearIntegrityTest" end time: Sep 03 21:30 CET
"SolarDayOfYearIntegrityTest" time elapsed: 00:00:00
----------------------------------------------------------

48/86 Testing: SolarMonthBoundaryTest
48/86 Test: SolarMonthBoundaryTest
Command: "/data/data/com.termux/files/home/GoldenCalendar_Project/GoldenCalendar_50000_Chronology_Engine/build_debug/SolarMonthBoundaryTest"
Directory: /data/data/com.termux/files/home/GoldenCalendar_Project/GoldenCalendar_50000_Chronology_Engine/build_debug
"SolarMonthBoundaryTest" start time: Sep 03 21:30 CET
Output:
----------------------------------------------------------
SolarMonthBoundaryTest PASSED
<end of output>
Test time =   0.02 sec
----------------------------------------------------------
Test Passed.
"SolarMonthBoundaryTest" end time: Sep 03 21:30 CET
"SolarMonthBoundaryTest" time elapsed: 00:00:00
----------------------------------------------------------

49/86 Testing: SolarYearTransitionIntegrityTest
49/86 Test: SolarYearTransitionIntegrityTest
Command: "/data/data/com.termux/files/home/GoldenCalendar_Project/GoldenCalendar_50000_Chronology_Engine/build_debug/SolarYearTransitionIntegrityTest"
Directory: /data/data/com.termux/files/home/GoldenCalendar_Project/GoldenCalendar_50000_Chronology_Engine/build_debug
"SolarYearTransitionIntegrityTest" start time: Sep 03 21:30 CET
Output:
----------------------------------------------------------
SolarYearTransitionIntegrityTest PASSED
<end of output>
Test time =   0.02 sec
----------------------------------------------------------
Test Passed.
"SolarYearTransitionIntegrityTest" end time: Sep 03 21:30 CET
"SolarYearTransitionIntegrityTest" time elapsed: 00:00:00
----------------------------------------------------------

50/86 Testing: SolarMonthYearSumIntegrityTest
50/86 Test: SolarMonthYearSumIntegrityTest
Command: "/data/data/com.termux/files/home/GoldenCalendar_Project/GoldenCalendar_50000_Chronology_Engine/build_debug/SolarMonthYearSumIntegrityTest"
Directory: /data/data/com.termux/files/home/GoldenCalendar_Project/GoldenCalendar_50000_Chronology_Engine/build_debug
"SolarMonthYearSumIntegrityTest" start time: Sep 03 21:30 CET
Output:
----------------------------------------------------------
SolarMonthYearSumIntegrityTest PASSED
<end of output>
Test time =   0.03 sec
----------------------------------------------------------
Test Passed.
"SolarMonthYearSumIntegrityTest" end time: Sep 03 21:30 CET
"SolarMonthYearSumIntegrityTest" time elapsed: 00:00:00
----------------------------------------------------------

51/86 Testing: Solar50KEndpointIntegrityTest
51/86 Test: Solar50KEndpointIntegrityTest
Command: "/data/data/com.termux/files/home/GoldenCalendar_Project/GoldenCalendar_50000_Chronology_Engine/build_debug/Solar50KEndpointIntegrityTest"
Directory: /data/data/com.termux/files/home/GoldenCalendar_Project/GoldenCalendar_50000_Chronology_Engine/build_debug
"Solar50KEndpointIntegrityTest" start time: Sep 03 21:30 CET
Output:
----------------------------------------------------------
Solar50KEndpointIntegrityTest PASSED
<end of output>
Test time =   0.02 sec
----------------------------------------------------------
Test Passed.
"Solar50KEndpointIntegrityTest" end time: Sep 03 21:30 CET
"Solar50KEndpointIntegrityTest" time elapsed: 00:00:00
----------------------------------------------------------

52/86 Testing: SolarStatisticsValidationTest
52/86 Test: SolarStatisticsValidationTest
Command: "/data/data/com.termux/files/home/GoldenCalendar_Project/GoldenCalendar_50000_Chronology_Engine/build_debug/SolarStatisticsValidationTest"
Directory: /data/data/com.termux/files/home/GoldenCalendar_Project/GoldenCalendar_50000_Chronology_Engine/build_debug
"SolarStatisticsValidationTest" start time: Sep 03 21:30 CET
Output:
----------------------------------------------------------

====================================
   GABARY SOLAR STATISTICS REPORT
====================================

Total Days : 18262125
Leap Years : 12125
Common Years : 37875

Weekday Distribution
--------------------
Friday : 2608875
Saturday : 2608875
Sunday : 2608875
Monday : 2608875
Tuesday : 2608875
Wednesday : 2608875
Thursday : 2608875

Validation
----------
SolarStatisticsValidationTest PASSED

<end of output>
Test time =   0.50 sec
----------------------------------------------------------
Test Passed.
"SolarStatisticsValidationTest" end time: Sep 03 21:30 CET
"SolarStatisticsValidationTest" time elapsed: 00:00:00
----------------------------------------------------------

53/86 Testing: SolarMonthStatisticsValidationTest
53/86 Test: SolarMonthStatisticsValidationTest
Command: "/data/data/com.termux/files/home/GoldenCalendar_Project/GoldenCalendar_50000_Chronology_Engine/build_debug/SolarMonthStatisticsValidationTest"
Directory: /data/data/com.termux/files/home/GoldenCalendar_Project/GoldenCalendar_50000_Chronology_Engine/build_debug
"SolarMonthStatisticsValidationTest" start time: Sep 03 21:30 CET
Output:
----------------------------------------------------------

====================================
  GABARY MONTH STATISTICS REPORT
====================================

January : 50000 occurrences
February : 50000 occurrences
March : 50000 occurrences
April : 50000 occurrences
May : 50000 occurrences
June : 50000 occurrences
July : 50000 occurrences
August : 50000 occurrences
September : 50000 occurrences
October : 50000 occurrences
November : 50000 occurrences
December : 50000 occurrences

February 28 days : 37875
February 29 days : 12125
Total Days : 18262125

SolarMonthStatisticsValidationTest PASSED
<end of output>
Test time =   0.03 sec
----------------------------------------------------------
Test Passed.
"SolarMonthStatisticsValidationTest" end time: Sep 03 21:30 CET
"SolarMonthStatisticsValidationTest" time elapsed: 00:00:00
----------------------------------------------------------

54/86 Testing: SolarLeapStatisticsValidationTest
54/86 Test: SolarLeapStatisticsValidationTest
Command: "/data/data/com.termux/files/home/GoldenCalendar_Project/GoldenCalendar_50000_Chronology_Engine/build_debug/SolarLeapStatisticsValidationTest"
Directory: /data/data/com.termux/files/home/GoldenCalendar_Project/GoldenCalendar_50000_Chronology_Engine/build_debug
"SolarLeapStatisticsValidationTest" start time: Sep 03 21:30 CET
Output:
----------------------------------------------------------

====================================
 GABARY LEAP STATISTICS REPORT
====================================

Total Years  : 50000
Leap Years   : 12125
Common Years : 37875

SolarLeapStatisticsValidationTest PASSED

<end of output>
Test time =   0.02 sec
----------------------------------------------------------
Test Passed.
"SolarLeapStatisticsValidationTest" end time: Sep 03 21:30 CET
"SolarLeapStatisticsValidationTest" time elapsed: 00:00:00
----------------------------------------------------------

55/86 Testing: LunarEngineV2Test
55/86 Test: LunarEngineV2Test
Command: "/data/data/com.termux/files/home/GoldenCalendar_Project/GoldenCalendar_50000_Chronology_Engine/build_debug/LunarEngineV2Test"
Directory: /data/data/com.termux/files/home/GoldenCalendar_Project/GoldenCalendar_50000_Chronology_Engine/build_debug
"LunarEngineV2Test" start time: Sep 03 21:30 CET
Output:
----------------------------------------------------------
[PASS] Day 1 = Lunar 1/1/1
[PASS] Lunar 1/1/1 = Day 1
[PASS] End of normal Lunar Year 1
[PASS] Day 355 = Lunar 1/1/2
[PASS] Lunar Year 3 is leap
[PASS] Lunar Year 1 is normal
[PASS] Lunar Year 31 is leap
[PASS] Lunar Year 32 is normal
[PASS] 33 Lunar years = 11693 days
[PASS] Day 11694 = Lunar 1/1/34
[PASS] Cycle 2 starts at Lunar Year 34
[PASS] Leap Year 3 has 30-day Dhul-Hijjah
[PASS] Normal Year 1 rejects day 30 of Dhul-Hijjah
[PASS] Global Day -> Lunar Date -> Global Day

Lunar Timeline Final Supported Date:
Lunar Date: 29/12/49999
Global Day ID: 17716312
[PASS] Lunar 29/12/49999 is valid
[PASS] Lunar day after final boundary is rejected
[PASS] Lunar 49999/12/29 -> Day 17716312
[PASS] Lunar 49999/12/30 is invalid
[PASS] Lunar Year 50000 is rejected

========================================
LunarEngineV2 Test: PASSED
<end of output>
Test time =   0.02 sec
----------------------------------------------------------
Test Passed.
"LunarEngineV2Test" end time: Sep 03 21:30 CET
"LunarEngineV2Test" time elapsed: 00:00:00
----------------------------------------------------------

56/86 Testing: LunarEngineV2BoundaryTest
56/86 Test: LunarEngineV2BoundaryTest
Command: "/data/data/com.termux/files/home/GoldenCalendar_Project/GoldenCalendar_50000_Chronology_Engine/build_debug/LunarEngineV2BoundaryTest"
Directory: /data/data/com.termux/files/home/GoldenCalendar_Project/GoldenCalendar_50000_Chronology_Engine/build_debug
"LunarEngineV2BoundaryTest" start time: Sep 03 21:30 CET
Output:
----------------------------------------------------------
[PASS] Day 354 = final day of Lunar Year 1
[PASS] Day 355 = first day of Lunar Year 2
[PASS] Lunar 1/12/29 = Day 354
[PASS] Lunar 2/1/1 = Day 355
[PASS] Lunar Year 3 is leap
[PASS] Leap Year 3 accepts Dhul-Hijjah day 30
[PASS] Leap Year 3 round-trip final day
[PASS] Day after Leap Year 3 starts Year 4
[PASS] Year 4 follows Leap Year 3 correctly
[PASS] Normal Year 4 rejects Dhul-Hijjah day 30
[PASS] First 33-year cycle = 11693 days
[PASS] Day 11693 belongs to Lunar Year 33
[PASS] Day 11694 starts Lunar Year 34
[PASS] Lunar 34/1/1 = Day 11694
[PASS] Boundary Global Day round-trip
[PASS] Boundary Global Day round-trip
[PASS] Boundary Global Day round-trip
[PASS] Boundary Global Day round-trip
[PASS] Boundary Global Day round-trip
[PASS] Boundary Global Day round-trip
[PASS] Third cycle start position is correct
[PASS] Cycle 3 starts at Lunar Year 67
[PASS] Year 0 is rejected
[PASS] Month 0 is rejected
[PASS] Month 13 is rejected
[PASS] Normal year day 30 is rejected
[PASS] Global Day 0 returns invalid date

========================================
LunarEngineV2 Boundary Test: PASSED
<end of output>
Test time =   0.02 sec
----------------------------------------------------------
Test Passed.
"LunarEngineV2BoundaryTest" end time: Sep 03 21:30 CET
"LunarEngineV2BoundaryTest" time elapsed: 00:00:00
----------------------------------------------------------

57/86 Testing: LunarEngineV2LongCycleTest
57/86 Test: LunarEngineV2LongCycleTest
Command: "/data/data/com.termux/files/home/GoldenCalendar_Project/GoldenCalendar_50000_Chronology_Engine/build_debug/LunarEngineV2LongCycleTest"
Directory: /data/data/com.termux/files/home/GoldenCalendar_Project/GoldenCalendar_50000_Chronology_Engine/build_debug
"LunarEngineV2LongCycleTest" start time: Sep 03 21:30 CET
Output:
----------------------------------------------------------
/data/data/com.termux/files/home/GoldenCalendar_Project/GoldenCalendar_50000_Chronology_Engine/Gabary/tests/LunarEngineV2LongCycleTest.cpp:96: int main(): assertion "endDay + 1 == nextDay" failed
<end of output>
Test time =   0.09 sec
----------------------------------------------------------
Test Failed.
"LunarEngineV2LongCycleTest" end time: Sep 03 21:30 CET
"LunarEngineV2LongCycleTest" time elapsed: 00:00:00
----------------------------------------------------------

58/86 Testing: GabaryDualCalendarIntegrationTest
58/86 Test: GabaryDualCalendarIntegrationTest
Command: "/data/data/com.termux/files/home/GoldenCalendar_Project/GoldenCalendar_50000_Chronology_Engine/build_debug/GabaryDualCalendarIntegrationTest"
Directory: /data/data/com.termux/files/home/GoldenCalendar_Project/GoldenCalendar_50000_Chronology_Engine/build_debug
"GabaryDualCalendarIntegrationTest" start time: Sep 03 21:30 CET
Output:
----------------------------------------------------------
/data/data/com.termux/files/home/GoldenCalendar_Project/GoldenCalendar_50000_Chronology_Engine/Gabary/tests/GabaryDualCalendarIntegrationTest.cpp:50: int main(): assertion "lunarEnd.day == 30" failed
<end of output>
Test time =   0.10 sec
----------------------------------------------------------
Test Failed.
"GabaryDualCalendarIntegrationTest" end time: Sep 03 21:30 CET
"GabaryDualCalendarIntegrationTest" time elapsed: 00:00:00
----------------------------------------------------------

59/86 Testing: GabaryNavigationEngineTest
59/86 Test: GabaryNavigationEngineTest
Command: "/data/data/com.termux/files/home/GoldenCalendar_Project/GoldenCalendar_50000_Chronology_Engine/build_debug/GabaryNavigationEngineTest"
Directory: /data/data/com.termux/files/home/GoldenCalendar_Project/GoldenCalendar_50000_Chronology_Engine/build_debug
"GabaryNavigationEngineTest" start time: Sep 03 21:30 CET
Output:
----------------------------------------------------------
============================================
 Gabary V2 Navigation Engine Test
============================================

[PASS] Navigation -> Global Day 1
[PASS] Next day navigation
[PASS] Previous day navigation
[PASS] Epoch boundary protection
[PASS] Solar date navigation

============================================
 Gabary V2 Navigation Engine: PASSED
============================================
<end of output>
Test time =   0.03 sec
----------------------------------------------------------
Test Passed.
"GabaryNavigationEngineTest" end time: Sep 03 21:30 CET
"GabaryNavigationEngineTest" time elapsed: 00:00:00
----------------------------------------------------------

60/86 Testing: GabaryNavigationEngineBoundaryTest
60/86 Test: GabaryNavigationEngineBoundaryTest
Command: "/data/data/com.termux/files/home/GoldenCalendar_Project/GoldenCalendar_50000_Chronology_Engine/build_debug/GabaryNavigationEngineBoundaryTest"
Directory: /data/data/com.termux/files/home/GoldenCalendar_Project/GoldenCalendar_50000_Chronology_Engine/build_debug
"GabaryNavigationEngineBoundaryTest" start time: Sep 03 21:30 CET
Output:
----------------------------------------------------------
/data/data/com.termux/files/home/GoldenCalendar_Project/GoldenCalendar_50000_Chronology_Engine/Gabary/tests/GabaryNavigationEngineBoundaryTest.cpp:127: int main(): assertion "date.dayId == GabaryNavigationEngine::MAX_GLOBAL_DAY" failed
<end of output>
Test time =   0.06 sec
----------------------------------------------------------
Test Failed.
"GabaryNavigationEngineBoundaryTest" end time: Sep 03 21:30 CET
"GabaryNavigationEngineBoundaryTest" time elapsed: 00:00:00
----------------------------------------------------------

61/86 Testing: GabaryNavigationEngineLongRangeTest
61/86 Test: GabaryNavigationEngineLongRangeTest
Command: "/data/data/com.termux/files/home/GoldenCalendar_Project/GoldenCalendar_50000_Chronology_Engine/build_debug/GabaryNavigationEngineLongRangeTest"
Directory: /data/data/com.termux/files/home/GoldenCalendar_Project/GoldenCalendar_50000_Chronology_Engine/build_debug
"GabaryNavigationEngineLongRangeTest" start time: Sep 03 21:30 CET
Output:
----------------------------------------------------------
/data/data/com.termux/files/home/GoldenCalendar_Project/GoldenCalendar_50000_Chronology_Engine/Gabary/tests/GabaryNavigationEngineLongRangeTest.cpp:113: int main(): assertion "current.dayId == MAX" failed
<end of output>
Test time =   0.09 sec
----------------------------------------------------------
Test Failed.
"GabaryNavigationEngineLongRangeTest" end time: Sep 03 21:30 CET
"GabaryNavigationEngineLongRangeTest" time elapsed: 00:00:00
----------------------------------------------------------

62/86 Testing: GabaryNavigationEngineSolarRoundTripTest
62/86 Test: GabaryNavigationEngineSolarRoundTripTest
Command: "/data/data/com.termux/files/home/GoldenCalendar_Project/GoldenCalendar_50000_Chronology_Engine/build_debug/GabaryNavigationEngineSolarRoundTripTest"
Directory: /data/data/com.termux/files/home/GoldenCalendar_Project/GoldenCalendar_50000_Chronology_Engine/build_debug
"GabaryNavigationEngineSolarRoundTripTest" start time: Sep 03 21:30 CET
Output:
----------------------------------------------------------
============================================
 Gabary V2 Navigation Solar Round-Trip Test
============================================

[PASS] Solar Date -> Global Day -> Solar Date
[PASS] Solar Global Day ID consistency
[PASS] Navigation from converted Solar dates
[PASS] Solar/Lunar shared Global Day coordinate

============================================
 Gabary V2 Solar Round-Trip: PASSED
============================================
<end of output>
Test time =   0.02 sec
----------------------------------------------------------
Test Passed.
"GabaryNavigationEngineSolarRoundTripTest" end time: Sep 03 21:30 CET
"GabaryNavigationEngineSolarRoundTripTest" time elapsed: 00:00:00
----------------------------------------------------------

63/86 Testing: GabaryQueryEngineTest
63/86 Test: GabaryQueryEngineTest
Command: "/data/data/com.termux/files/home/GoldenCalendar_Project/GoldenCalendar_50000_Chronology_Engine/build_debug/GabaryQueryEngineTest"
Directory: /data/data/com.termux/files/home/GoldenCalendar_Project/GoldenCalendar_50000_Chronology_Engine/build_debug
"GabaryQueryEngineTest" start time: Sep 03 21:30 CET
Output:
----------------------------------------------------------
============================================
 Gabary V2 Query Engine Test
============================================
[PASS] Query by Global Day 1
[PASS] Solar Date -> Global Day -> Dual Calendar
[PASS] Solar Query Round-Trip
[PASS] Lunar Date -> Global Day -> Dual Calendar
[PASS] Shared Global Day Coordinate
============================================
 Gabary V2 Query Engine: PASSED
============================================
<end of output>
Test time =   0.02 sec
----------------------------------------------------------
Test Passed.
"GabaryQueryEngineTest" end time: Sep 03 21:30 CET
"GabaryQueryEngineTest" time elapsed: 00:00:00
----------------------------------------------------------

64/86 Testing: GabaryDualReportFormatterTest
64/86 Test: GabaryDualReportFormatterTest
Command: "/data/data/com.termux/files/home/GoldenCalendar_Project/GoldenCalendar_50000_Chronology_Engine/build_debug/GabaryDualReportFormatterTest"
Directory: /data/data/com.termux/files/home/GoldenCalendar_Project/GoldenCalendar_50000_Chronology_Engine/build_debug
"GabaryDualReportFormatterTest" start time: Sep 03 21:30 CET
Output:
----------------------------------------------------------
============================================
 Gabary V2 Dual Report Formatter Test
============================================
[PASS] Global Day 1 dual report
[PASS] Solar 2026-07-26 dual report
[PASS] Shared Global Day report coordinate
============================================
 Gabary V2 Dual Report Formatter: PASSED
============================================
<end of output>
Test time =   0.02 sec
----------------------------------------------------------
Test Passed.
"GabaryDualReportFormatterTest" end time: Sep 03 21:30 CET
"GabaryDualReportFormatterTest" time elapsed: 00:00:00
----------------------------------------------------------

65/86 Testing: GabaryDualCalendarBoundaryTest
65/86 Test: GabaryDualCalendarBoundaryTest
Command: "/data/data/com.termux/files/home/GoldenCalendar_Project/GoldenCalendar_50000_Chronology_Engine/build_debug/GabaryDualCalendarBoundaryTest"
Directory: /data/data/com.termux/files/home/GoldenCalendar_Project/GoldenCalendar_50000_Chronology_Engine/build_debug
"GabaryDualCalendarBoundaryTest" start time: Sep 03 21:30 CET
Output:
----------------------------------------------------------
============================================
 Gabary V2 Dual Calendar Boundary Test
============================================
[PASS] Global Day 1 boundary
[PASS] Solar epoch round-trip
[PASS] Lunar epoch round-trip
[PASS] Known Solar boundary coordinate
[PASS] Solar/Lunar shared Global Day coordinate
============================================
 Gabary V2 Dual Calendar Boundary: PASSED
============================================
<end of output>
Test time =   0.02 sec
----------------------------------------------------------
Test Passed.
"GabaryDualCalendarBoundaryTest" end time: Sep 03 21:30 CET
"GabaryDualCalendarBoundaryTest" time elapsed: 00:00:00
----------------------------------------------------------

66/86 Testing: GabaryDualCalendarEndBoundaryTest
66/86 Test: GabaryDualCalendarEndBoundaryTest
Command: "/data/data/com.termux/files/home/GoldenCalendar_Project/GoldenCalendar_50000_Chronology_Engine/build_debug/GabaryDualCalendarEndBoundaryTest"
Directory: /data/data/com.termux/files/home/GoldenCalendar_Project/GoldenCalendar_50000_Chronology_Engine/build_debug
"GabaryDualCalendarEndBoundaryTest" start time: Sep 03 21:30 CET
Output:
----------------------------------------------------------
/data/data/com.termux/files/home/GoldenCalendar_Project/GoldenCalendar_50000_Chronology_Engine/Gabary/tests/GabaryDualCalendarEndBoundaryTest.cpp:42: int main(): assertion "result.lunar.year > 0" failed
<end of output>
Test time =   0.06 sec
----------------------------------------------------------
Test Failed.
"GabaryDualCalendarEndBoundaryTest" end time: Sep 03 21:30 CET
"GabaryDualCalendarEndBoundaryTest" time elapsed: 00:00:00
----------------------------------------------------------

67/86 Testing: GabaryTemporalServiceTest
67/86 Test: GabaryTemporalServiceTest
Command: "/data/data/com.termux/files/home/GoldenCalendar_Project/GoldenCalendar_50000_Chronology_Engine/build_debug/GabaryTemporalServiceTest"
Directory: /data/data/com.termux/files/home/GoldenCalendar_Project/GoldenCalendar_50000_Chronology_Engine/build_debug
"GabaryTemporalServiceTest" start time: Sep 03 21:30 CET
Output:
----------------------------------------------------------
============================================
 Gabary V2 Temporal Service Test
============================================
[PASS] Service query by Global Day
[PASS] Service query by Solar Date
[PASS] Service Global Day Round-Trip
[PASS] Service query by Lunar Date
[PASS] Service report by Global Day
[PASS] Service report by Solar Date
[PASS] Service report by Lunar Date
============================================
 Gabary V2 Temporal Service: PASSED
============================================
<end of output>
Test time =   0.03 sec
----------------------------------------------------------
Test Passed.
"GabaryTemporalServiceTest" end time: Sep 03 21:30 CET
"GabaryTemporalServiceTest" time elapsed: 00:00:00
----------------------------------------------------------

68/86 Testing: GabaryAPIAdapterTest
68/86 Test: GabaryAPIAdapterTest
Command: "/data/data/com.termux/files/home/GoldenCalendar_Project/GoldenCalendar_50000_Chronology_Engine/build_debug/GabaryAPIAdapterTest"
Directory: /data/data/com.termux/files/home/GoldenCalendar_Project/GoldenCalendar_50000_Chronology_Engine/build_debug
"GabaryAPIAdapterTest" start time: Sep 03 21:30 CET
Output:
----------------------------------------------------------
============================================
 Gabary V2 API Adapter Test
============================================
[PASS] API getDay(1) complete JSON
[PASS] API getSolar(2026-07-26) complete JSON
[PASS] API getLunar(1-1-1) complete JSON
[PASS] Shared Global Day API coordinate
[PASS] API architecture metadata
============================================
 Gabary V2 API Adapter: PASSED
============================================
<end of output>
Test time =   0.03 sec
----------------------------------------------------------
Test Passed.
"GabaryAPIAdapterTest" end time: Sep 03 21:30 CET
"GabaryAPIAdapterTest" time elapsed: 00:00:00
----------------------------------------------------------

69/86 Testing: GabaryAPIIntegrationTest
69/86 Test: GabaryAPIIntegrationTest
Command: "/data/data/com.termux/files/home/GoldenCalendar_Project/GoldenCalendar_50000_Chronology_Engine/build_debug/GabaryAPIIntegrationTest"
Directory: /data/data/com.termux/files/home/GoldenCalendar_Project/GoldenCalendar_50000_Chronology_Engine/build_debug
"GabaryAPIIntegrationTest" start time: Sep 03 21:30 CET
Output:
----------------------------------------------------------
============================================
 Gabary V2 API Integration Test
============================================
[PASS] API Day 1
[PASS] API Solar 2026-07-26
[PASS] API Lunar 1-1-1
[PASS] Shared Global Day API coordinate
============================================
 Gabary V2 API Integration: PASSED
============================================
<end of output>
Test time =   0.02 sec
----------------------------------------------------------
Test Passed.
"GabaryAPIIntegrationTest" end time: Sep 03 21:30 CET
"GabaryAPIIntegrationTest" time elapsed: 00:00:00
----------------------------------------------------------

70/86 Testing: GabaryAPIContractTest
70/86 Test: GabaryAPIContractTest
Command: "/data/data/com.termux/files/home/GoldenCalendar_Project/GoldenCalendar_50000_Chronology_Engine/build_debug/GabaryAPIContractTest"
Directory: /data/data/com.termux/files/home/GoldenCalendar_Project/GoldenCalendar_50000_Chronology_Engine/build_debug
"GabaryAPIContractTest" start time: Sep 03 21:30 CET
Output:
----------------------------------------------------------
========================================
 Gabary V2 API Contract Test
========================================
[PASS] /api/status contract
[PASS] Global Solar Day 1
[PASS] Global Solar Day 18261759
[PASS] Global Solar Day range
========================================
 Gabary V2 API Contract: PASSED
========================================
<end of output>
Test time =   0.02 sec
----------------------------------------------------------
Test Passed.
"GabaryAPIContractTest" end time: Sep 03 21:30 CET
"GabaryAPIContractTest" time elapsed: 00:00:00
----------------------------------------------------------

71/86 Testing: GabaryHTTPAPIContractTest
71/86 Test: GabaryHTTPAPIContractTest
Command: "/data/data/com.termux/files/home/GoldenCalendar_Project/GoldenCalendar_50000_Chronology_Engine/build_debug/GabaryHTTPAPIContractTest"
Directory: /data/data/com.termux/files/home/GoldenCalendar_Project/GoldenCalendar_50000_Chronology_Engine/build_debug
"GabaryHTTPAPIContractTest" start time: Sep 03 21:30 CET
Output:
----------------------------------------------------------
========================================
 Gabary V2 HTTP API Contract Test
========================================
[ERROR] GABARY_HTTP_SERVER is not set
<end of output>
Test time =   0.02 sec
----------------------------------------------------------
Test Failed.
"GabaryHTTPAPIContractTest" end time: Sep 03 21:30 CET
"GabaryHTTPAPIContractTest" time elapsed: 00:00:00
----------------------------------------------------------

72/86 Testing: GabaryAPIResponseSchemaTest
72/86 Test: GabaryAPIResponseSchemaTest
Command: "/data/data/com.termux/files/home/GoldenCalendar_Project/GoldenCalendar_50000_Chronology_Engine/build_debug/GabaryAPIResponseSchemaTest"
Directory: /data/data/com.termux/files/home/GoldenCalendar_Project/GoldenCalendar_50000_Chronology_Engine/build_debug
"GabaryAPIResponseSchemaTest" start time: Sep 03 21:30 CET
Output:
----------------------------------------------------------
========================================
 Gabary V2 API Response Schema v2 Test
========================================
[ERROR] GABARY_HTTP_SERVER is not set
<end of output>
Test time =   0.02 sec
----------------------------------------------------------
Test Failed.
"GabaryAPIResponseSchemaTest" end time: Sep 03 21:30 CET
"GabaryAPIResponseSchemaTest" time elapsed: 00:00:00
----------------------------------------------------------

73/86 Testing: GabaryAPIResponseBoundarySchemaTest
73/86 Test: GabaryAPIResponseBoundarySchemaTest
Command: "/data/data/com.termux/files/home/GoldenCalendar_Project/GoldenCalendar_50000_Chronology_Engine/build_debug/GabaryAPIResponseBoundarySchemaTest"
Directory: /data/data/com.termux/files/home/GoldenCalendar_Project/GoldenCalendar_50000_Chronology_Engine/build_debug
"GabaryAPIResponseBoundarySchemaTest" start time: Sep 03 21:30 CET
Output:
----------------------------------------------------------
========================================
 Gabary V2 API Response Boundary Schema Test
========================================
[ERROR] GABARY_HTTP_SERVER is not set
<end of output>
Test time =   0.02 sec
----------------------------------------------------------
Test Failed.
"GabaryAPIResponseBoundarySchemaTest" end time: Sep 03 21:30 CET
"GabaryAPIResponseBoundarySchemaTest" time elapsed: 00:00:00
----------------------------------------------------------

74/86 Testing: GabaryNavigationEngineContractTest
74/86 Test: GabaryNavigationEngineContractTest
Command: "/data/data/com.termux/files/home/GoldenCalendar_Project/GoldenCalendar_50000_Chronology_Engine/build_debug/GabaryNavigationEngineContractTest"
Directory: /data/data/com.termux/files/home/GoldenCalendar_Project/GoldenCalendar_50000_Chronology_Engine/build_debug
"GabaryNavigationEngineContractTest" start time: Sep 03 21:30 CET
Output:
----------------------------------------------------------
/data/data/com.termux/files/home/GoldenCalendar_Project/GoldenCalendar_50000_Chronology_Engine/Gabary/tests/GabaryNavigationEngineContractTest.cpp:60: int main(): assertion "date.dayId == MAX" failed
<end of output>
Test time =   0.06 sec
----------------------------------------------------------
Test Failed.
"GabaryNavigationEngineContractTest" end time: Sep 03 21:30 CET
"GabaryNavigationEngineContractTest" time elapsed: 00:00:00
----------------------------------------------------------

75/86 Testing: GabaryNavigationEngineDateRoundTripTest
75/86 Test: GabaryNavigationEngineDateRoundTripTest
Command: "/data/data/com.termux/files/home/GoldenCalendar_Project/GoldenCalendar_50000_Chronology_Engine/build_debug/GabaryNavigationEngineDateRoundTripTest"
Directory: /data/data/com.termux/files/home/GoldenCalendar_Project/GoldenCalendar_50000_Chronology_Engine/build_debug
"GabaryNavigationEngineDateRoundTripTest" start time: Sep 03 21:30 CET
Output:
----------------------------------------------------------
/data/data/com.termux/files/home/GoldenCalendar_Project/GoldenCalendar_50000_Chronology_Engine/Gabary/tests/GabaryNavigationEngineDateRoundTripTest.cpp:90: int main(): assertion "dayId >= GabaryNavigationEngine::MIN_GLOBAL_DAY" failed
<end of output>
Test time =   0.06 sec
----------------------------------------------------------
Test Failed.
"GabaryNavigationEngineDateRoundTripTest" end time: Sep 03 21:30 CET
"GabaryNavigationEngineDateRoundTripTest" time elapsed: 00:00:00
----------------------------------------------------------

76/86 Testing: GabaryNavigationEngineBoundaryDateTest
76/86 Test: GabaryNavigationEngineBoundaryDateTest
Command: "/data/data/com.termux/files/home/GoldenCalendar_Project/GoldenCalendar_50000_Chronology_Engine/build_debug/GabaryNavigationEngineBoundaryDateTest"
Directory: /data/data/com.termux/files/home/GoldenCalendar_Project/GoldenCalendar_50000_Chronology_Engine/build_debug
"GabaryNavigationEngineBoundaryDateTest" start time: Sep 03 21:30 CET
Output:
----------------------------------------------------------
============================================
 Gabary V2 Navigation Boundary Date Test
============================================
[PASS] Solar epoch boundary
[PASS] Solar final boundary
[PASS] Solar epoch navigation boundary
[PASS] Solar final navigation boundary
[PASS] Lunar epoch boundary
[PASS] Lunar final supported boundary
[PASS] Epoch shared coordinate
[PASS] Final solar boundary has no lunar mapping
============================================
 Gabary V2 Navigation Boundary Date: PASSED
============================================
<end of output>
Test time =   0.02 sec
----------------------------------------------------------
Test Passed.
"GabaryNavigationEngineBoundaryDateTest" end time: Sep 03 21:30 CET
"GabaryNavigationEngineBoundaryDateTest" time elapsed: 00:00:00
----------------------------------------------------------

77/86 Testing: GabaryQueryEngineContractTest
77/86 Test: GabaryQueryEngineContractTest
Command: "/data/data/com.termux/files/home/GoldenCalendar_Project/GoldenCalendar_50000_Chronology_Engine/build_debug/GabaryQueryEngineContractTest"
Directory: /data/data/com.termux/files/home/GoldenCalendar_Project/GoldenCalendar_50000_Chronology_Engine/build_debug
"GabaryQueryEngineContractTest" start time: Sep 03 21:30 CET
Output:
----------------------------------------------------------
============================================
 Gabary V2 Query Engine Contract Test
============================================
[PASS] Minimum Global Day contract
[PASS] Maximum Global Day contract
[PASS] Solar epoch query
[PASS] Solar final boundary query
[PASS] Lunar epoch query
[PASS] Lunar final supported boundary
[PASS] Solar query round-trip across timeline
[PASS] Lunar query round-trip across timeline
[PASS] Shared Global Solar Day contract
[PASS] Temporal coordinate integrity
============================================
 Gabary V2 Query Engine Contract: PASSED
============================================
<end of output>
Test time =   0.02 sec
----------------------------------------------------------
Test Passed.
"GabaryQueryEngineContractTest" end time: Sep 03 21:30 CET
"GabaryQueryEngineContractTest" time elapsed: 00:00:00
----------------------------------------------------------

78/86 Testing: GabaryQueryEngineLongRangeTest
78/86 Test: GabaryQueryEngineLongRangeTest
Command: "/data/data/com.termux/files/home/GoldenCalendar_Project/GoldenCalendar_50000_Chronology_Engine/build_debug/GabaryQueryEngineLongRangeTest"
Directory: /data/data/com.termux/files/home/GoldenCalendar_Project/GoldenCalendar_50000_Chronology_Engine/build_debug
"GabaryQueryEngineLongRangeTest" start time: Sep 03 21:30 CET
Output:
----------------------------------------------------------
/data/data/com.termux/files/home/GoldenCalendar_Project/GoldenCalendar_50000_Chronology_Engine/Gabary/tests/GabaryQueryEngineLongRangeTest.cpp:51: int main(): assertion "result.lunar.year >= 1" failed
<end of output>
Test time =   0.07 sec
----------------------------------------------------------
Test Failed.
"GabaryQueryEngineLongRangeTest" end time: Sep 03 21:30 CET
"GabaryQueryEngineLongRangeTest" time elapsed: 00:00:00
----------------------------------------------------------

79/86 Testing: GabaryTemporalServiceContractTest
79/86 Test: GabaryTemporalServiceContractTest
Command: "/data/data/com.termux/files/home/GoldenCalendar_Project/GoldenCalendar_50000_Chronology_Engine/build_debug/GabaryTemporalServiceContractTest"
Directory: /data/data/com.termux/files/home/GoldenCalendar_Project/GoldenCalendar_50000_Chronology_Engine/build_debug
"GabaryTemporalServiceContractTest" start time: Sep 03 21:30 CET
Output:
----------------------------------------------------------
/data/data/com.termux/files/home/GoldenCalendar_Project/GoldenCalendar_50000_Chronology_Engine/Gabary/tests/GabaryTemporalServiceContractTest.cpp:48: int main(): assertion "result.lunar.year > 0" failed
<end of output>
Test time =   0.08 sec
----------------------------------------------------------
Test Failed.
"GabaryTemporalServiceContractTest" end time: Sep 03 21:30 CET
"GabaryTemporalServiceContractTest" time elapsed: 00:00:00
----------------------------------------------------------

80/86 Testing: GabaryAPIAdapterContractTest
80/86 Test: GabaryAPIAdapterContractTest
Command: "/data/data/com.termux/files/home/GoldenCalendar_Project/GoldenCalendar_50000_Chronology_Engine/build_debug/GabaryAPIAdapterContractTest"
Directory: /data/data/com.termux/files/home/GoldenCalendar_Project/GoldenCalendar_50000_Chronology_Engine/build_debug
"GabaryAPIAdapterContractTest" start time: Sep 03 21:30 CET
Output:
----------------------------------------------------------
<end of output>
Test time =   0.06 sec
----------------------------------------------------------
Test Failed.
"GabaryAPIAdapterContractTest" end time: Sep 03 21:30 CET
"GabaryAPIAdapterContractTest" time elapsed: 00:00:00
----------------------------------------------------------

81/86 Testing: GabaryDualCalendarEngineContractTest
81/86 Test: GabaryDualCalendarEngineContractTest
Command: "/data/data/com.termux/files/home/GoldenCalendar_Project/GoldenCalendar_50000_Chronology_Engine/build_debug/GabaryDualCalendarEngineContractTest"
Directory: /data/data/com.termux/files/home/GoldenCalendar_Project/GoldenCalendar_50000_Chronology_Engine/build_debug
"GabaryDualCalendarEngineContractTest" start time: Sep 03 21:30 CET
Output:
----------------------------------------------------------
/data/data/com.termux/files/home/GoldenCalendar_Project/GoldenCalendar_50000_Chronology_Engine/Gabary/tests/GabaryDualCalendarEngineContractTest.cpp:55: int main(): assertion "date.solar.solarYear == 50000" failed
<end of output>
Test time =   0.07 sec
----------------------------------------------------------
Test Failed.
"GabaryDualCalendarEngineContractTest" end time: Sep 03 21:30 CET
"GabaryDualCalendarEngineContractTest" time elapsed: 00:00:00
----------------------------------------------------------

82/86 Testing: GabaryAPIAdapterDataIntegrityTest
82/86 Test: GabaryAPIAdapterDataIntegrityTest
Command: "/data/data/com.termux/files/home/GoldenCalendar_Project/GoldenCalendar_50000_Chronology_Engine/build_debug/GabaryAPIAdapterDataIntegrityTest"
Directory: /data/data/com.termux/files/home/GoldenCalendar_Project/GoldenCalendar_50000_Chronology_Engine/build_debug
"GabaryAPIAdapterDataIntegrityTest" start time: Sep 03 21:30 CET
Output:
----------------------------------------------------------
============================================
 Gabary V2 API Adapter Data Integrity Test
============================================
[PASS] Epoch JSON data integrity
[PASS] Known Global Solar Day JSON integrity
[PASS] Final boundary JSON data integrity
[PASS] Shared Global Solar Day identity
============================================
 Gabary V2 API Adapter Data Integrity: PASSED
============================================
<end of output>
Test time =   0.02 sec
----------------------------------------------------------
Test Passed.
"GabaryAPIAdapterDataIntegrityTest" end time: Sep 03 21:30 CET
"GabaryAPIAdapterDataIntegrityTest" time elapsed: 00:00:00
----------------------------------------------------------

83/86 Testing: GabaryHTTPAPIDataIntegrityTest
83/86 Test: GabaryHTTPAPIDataIntegrityTest
Command: "/data/data/com.termux/files/home/GoldenCalendar_Project/GoldenCalendar_50000_Chronology_Engine/build_debug/GabaryHTTPAPIDataIntegrityTest"
Directory: /data/data/com.termux/files/home/GoldenCalendar_Project/GoldenCalendar_50000_Chronology_Engine/build_debug
"GabaryHTTPAPIDataIntegrityTest" start time: Sep 03 21:30 CET
Output:
----------------------------------------------------------
============================================
 Gabary V2 HTTP API Data Integrity Test
============================================
[ERROR] GABARY_HTTP_SERVER is not set
<end of output>
Test time =   0.02 sec
----------------------------------------------------------
Test Failed.
"GabaryHTTPAPIDataIntegrityTest" end time: Sep 03 21:30 CET
"GabaryHTTPAPIDataIntegrityTest" time elapsed: 00:00:00
----------------------------------------------------------

84/86 Testing: Solar50KFullYearCountTest
84/86 Test: Solar50KFullYearCountTest
Command: "/data/data/com.termux/files/home/GoldenCalendar_Project/GoldenCalendar_50000_Chronology_Engine/build_debug/Solar50KFullYearCountTest"
Directory: /data/data/com.termux/files/home/GoldenCalendar_Project/GoldenCalendar_50000_Chronology_Engine/build_debug
"Solar50KFullYearCountTest" start time: Sep 03 21:30 CET
Output:
----------------------------------------------------------
Years verified: 50000
Final Day ID: 18262125
Solar50KFullYearCountTest PASSED
<end of output>
Test time =   0.55 sec
----------------------------------------------------------
Test Passed.
"Solar50KFullYearCountTest" end time: Sep 03 21:30 CET
"Solar50KFullYearCountTest" time elapsed: 00:00:00
----------------------------------------------------------

85/86 Testing: GabaryDualCalendarLongRangeTest
85/86 Test: GabaryDualCalendarLongRangeTest
Command: "/data/data/com.termux/files/home/GoldenCalendar_Project/GoldenCalendar_50000_Chronology_Engine/build_debug/GabaryDualCalendarLongRangeTest"
Directory: /data/data/com.termux/files/home/GoldenCalendar_Project/GoldenCalendar_50000_Chronology_Engine/build_debug
"GabaryDualCalendarLongRangeTest" start time: Sep 03 21:30 CET
Output:
----------------------------------------------------------
/data/data/com.termux/files/home/GoldenCalendar_Project/GoldenCalendar_50000_Chronology_Engine/Gabary/tests/GabaryDualCalendarLongRangeTest.cpp:72: int main(): assertion "result.lunar.dayId == dayId" failed
<end of output>
Test time =   0.06 sec
----------------------------------------------------------
Test Failed.
"GabaryDualCalendarLongRangeTest" end time: Sep 03 21:30 CET
"GabaryDualCalendarLongRangeTest" time elapsed: 00:00:00
----------------------------------------------------------

86/86 Testing: GabaryTemporalServiceLongRangeTest
86/86 Test: GabaryTemporalServiceLongRangeTest
Command: "/data/data/com.termux/files/home/GoldenCalendar_Project/GoldenCalendar_50000_Chronology_Engine/build_debug/GabaryTemporalServiceLongRangeTest"
Directory: /data/data/com.termux/files/home/GoldenCalendar_Project/GoldenCalendar_50000_Chronology_Engine/build_debug
"GabaryTemporalServiceLongRangeTest" start time: Sep 03 21:30 CET
Output:
----------------------------------------------------------
/data/data/com.termux/files/home/GoldenCalendar_Project/GoldenCalendar_50000_Chronology_Engine/Gabary/tests/GabaryTemporalServiceLongRangeTest.cpp:52: int main(): assertion "result.lunar.year >= 1" failed
<end of output>
Test time =   0.07 sec
----------------------------------------------------------
Test Failed.
"GabaryTemporalServiceLongRangeTest" end time: Sep 03 21:30 CET
"GabaryTemporalServiceLongRangeTest" time elapsed: 00:00:00
----------------------------------------------------------

End testing: Sep 03 21:30 CET
