Start testing: Sep 07 17:07 CET
----------------------------------------------------------
86/86 Testing: GabaryTemporalServiceLongRangeTest
86/86 Test: GabaryTemporalServiceLongRangeTest
Command: "/data/data/com.termux/files/home/GoldenCalendar_Project/GoldenCalendar_50000_Chronology_Engine/build_debug/GabaryTemporalServiceLongRangeTest"
Directory: /data/data/com.termux/files/home/GoldenCalendar_Project/GoldenCalendar_50000_Chronology_Engine/build_debug
"GabaryTemporalServiceLongRangeTest" start time: Sep 07 17:07 CET
Output:
----------------------------------------------------------
============================================
 Gabary V2 Temporal Service Long-Range Test
============================================
[PASS] Service query at Global Day 1
[PASS] Service query at Global Day 354
[PASS] Service query at Global Day 355
[PASS] Service query at Global Day 11693
[PASS] Service query at Global Day 11694
[PASS] Service query at Global Day 739823
[PASS] Service query at Global Day 5000000
[PASS] Service query at Global Day 10000000
[PASS] Service query at Global Day 15000000
[PASS] Service query at Global Day 18261758
[PASS] Service query at Global Day 18261759
[PASS] Service Solar round-trip at Day 1
[PASS] Service Solar round-trip at Day 354
[PASS] Service Solar round-trip at Day 355
[PASS] Service Solar round-trip at Day 11693
[PASS] Service Solar round-trip at Day 11694
[PASS] Service Solar round-trip at Day 739823
[PASS] Service Solar round-trip at Day 5000000
[PASS] Service Solar round-trip at Day 10000000
[PASS] Service Solar round-trip at Day 15000000
[PASS] Service Solar round-trip at Day 18261758
[PASS] Service Solar round-trip at Day 18261759
[PASS] Service Lunar round-trip at Day 1
[PASS] Service Lunar round-trip at Day 354
[PASS] Service Lunar round-trip at Day 355
[PASS] Service Lunar round-trip at Day 11693
[PASS] Service Lunar round-trip at Day 11694
[PASS] Service Lunar round-trip at Day 739823
[PASS] Service Lunar round-trip at Day 5000000
[PASS] Service Lunar round-trip at Day 10000000
[PASS] Service Lunar round-trip at Day 15000000
[PASS] Service Lunar unsupported after Day 17716312 at Day 18261758
[PASS] Service Lunar unsupported after Day 17716312 at Day 18261759
[PASS] Shared Global Day integrity at Day 1
[PASS] Shared Global Day integrity at Day 354
[PASS] Shared Global Day integrity at Day 355
[PASS] Shared Global Day integrity at Day 11693
[PASS] Shared Global Day integrity at Day 11694
[PASS] Shared Global Day integrity at Day 739823
[PASS] Shared Global Day integrity at Day 5000000
[PASS] Shared Global Day integrity at Day 10000000
[PASS] Shared Global Day integrity at Day 15000000
[PASS] Shared Global Day solar-only integrity at Day 18261758
[PASS] Shared Global Day solar-only integrity at Day 18261759
[PASS] Report integrity at Day 739823
[PASS] Global timeline boundaries
============================================
 Gabary V2 Temporal Service Long-Range: PASSED
============================================
<end of output>
Test time =   0.01 sec
----------------------------------------------------------
Test Passed.
"GabaryTemporalServiceLongRangeTest" end time: Sep 07 17:07 CET
"GabaryTemporalServiceLongRangeTest" time elapsed: 00:00:00
----------------------------------------------------------

End testing: Sep 07 17:07 CET
